{"level":"info","message":{"duration":"7ms","method":"GET","status":200,"url":"/health"},"timestamp":"2026-04-28T11:12:27.007Z"}
{"level":"info","message":{"duration":"6ms","method":"GET","status":200,"url":"/health"},"timestamp":"2026-04-28T11:15:21.786Z"}
{"level":"info","message":{"duration":"9ms","method":"GET","status":200,"url":"/health"},"timestamp":"2026-04-28T11:18:03.242Z"}
{"host":"ac-svvaol3-shard-00-00.emzjbxs.mongodb.net","level":"info","message":"MongoDB connected","timestamp":"2026-04-29T05:10:01.121Z"}
{"host":"ac-svvaol3-shard-00-02.emzjbxs.mongodb.net","level":"info","message":"MongoDB connected","timestamp":"2026-04-29T05:10:28.332Z"}
{"host":"ac-svvaol3-shard-00-02.emzjbxs.mongodb.net","level":"info","message":"MongoDB connected","timestamp":"2026-05-02T07:00:37.253Z"}
{"host":"ac-svvaol3-shard-00-00.emzjbxs.mongodb.net","level":"info","message":"MongoDB connected","timestamp":"2026-05-02T07:00:41.632Z"}
{"host":"ac-svvaol3-shard-00-02.emzjbxs.mongodb.net","level":"info","message":"MongoDB connected","timestamp":"2026-05-02T07:01:50.583Z"}
{"host":"ac-svvaol3-shard-00-02.emzjbxs.mongodb.net","level":"info","message":"MongoDB connected","timestamp":"2026-05-02T07:02:02.502Z"}
{"host":"ac-svvaol3-shard-00-00.emzjbxs.mongodb.net","level":"info","message":"MongoDB connected","timestamp":"2026-05-02T07:02:16.792Z"}
{"host":"ac-svvaol3-shard-00-02.emzjbxs.mongodb.net","level":"info","message":"MongoDB connected","timestamp":"2026-05-02T07:04:33.332Z"}
{"host":"ac-svvaol3-shard-00-00.emzjbxs.mongodb.net","level":"info","message":"MongoDB connected","timestamp":"2026-05-02T08:18:18.724Z"}
{"host":"ac-svvaol3-shard-00-01.emzjbxs.mongodb.net","level":"info","message":"MongoDB connected","timestamp":"2026-05-02T08:18:52.070Z"}
{"host":"ac-svvaol3-shard-00-01.emzjbxs.mongodb.net","level":"info","message":"MongoDB connected","timestamp":"2026-05-02T08:20:24.762Z"}
{"host":"ac-svvaol3-shard-00-00.emzjbxs.mongodb.net","level":"info","message":"MongoDB connected","timestamp":"2026-05-02T08:21:29.011Z"}
{"host":"ac-svvaol3-shard-00-00.emzjbxs.mongodb.net","level":"info","message":"MongoDB connected","timestamp":"2026-05-02T08:22:24.395Z"}
{"host":"ac-svvaol3-shard-00-00.emzjbxs.mongodb.net","level":"info","message":"MongoDB connected","timestamp":"2026-05-02T08:23:15.969Z"}
{"host":"ac-svvaol3-shard-00-00.emzjbxs.mongodb.net","level":"info","message":"MongoDB connected","timestamp":"2026-05-02T10:58:40.018Z"}
{"host":"ac-svvaol3-shard-00-01.emzjbxs.mongodb.net","level":"info","message":"MongoDB connected","timestamp":"2026-05-02T11:59:19.355Z"}
{"host":"ac-svvaol3-shard-00-00.emzjbxs.mongodb.net","level":"info","message":"MongoDB connected","timestamp":"2026-05-02T11:59:57.561Z"}
{"host":"ac-svvaol3-shard-00-00.emzjbxs.mongodb.net","level":"info","message":"MongoDB connected","timestamp":"2026-05-02T12:00:04.291Z"}
{"host":"ac-svvaol3-shard-00-00.emzjbxs.mongodb.net","level":"info","message":"MongoDB connected","timestamp":"2026-05-02T12:00:54.602Z"}
{"code":"VALIDATION_ERROR","level":"error","message":"Validation failed","method":"POST","path":"/api/auth/register","stack":"Error: Validation failed\n    at D:\\backend_ledger\\src\\middlewares\\validate.js:17:17\n    at Layer.handleRequest (D:\\backend_ledger\\node_modules\\router\\lib\\layer.js:152:17)\n    at next (D:\\backend_ledger\\node_modules\\router\\lib\\route.js:157:13)\n    at Route.dispatch (D:\\backend_ledger\\node_modules\\router\\lib\\route.js:117:3)\n    at handle (D:\\backend_ledger\\node_modules\\router\\index.js:435:11)\n    at Layer.handleRequest (D:\\backend_ledger\\node_modules\\router\\lib\\layer.js:152:17)\n    at D:\\backend_ledger\\node_modules\\router\\index.js:295:15\n    at processParams (D:\\backend_ledger\\node_modules\\router\\index.js:582:12)\n    at next (D:\\backend_ledger\\node_modules\\router\\index.js:291:5)\n    at Function.handle (D:\\backend_ledger\\node_modules\\router\\index.js:186:3)","timestamp":"2026-05-02T12:17:16.290Z"}
{"level":"info","message":{"duration":"10ms","method":"POST","status":400,"url":"/api/auth/register"},"timestamp":"2026-05-02T12:17:16.296Z"}
{"code":"VALIDATION_ERROR","level":"error","message":"Validation failed","method":"POST","path":"/api/auth/register","stack":"Error: Validation failed\n    at D:\\backend_ledger\\src\\middlewares\\validate.js:17:17\n    at Layer.handleRequest (D:\\backend_ledger\\node_modules\\router\\lib\\layer.js:152:17)\n    at next (D:\\backend_ledger\\node_modules\\router\\lib\\route.js:157:13)\n    at Route.dispatch (D:\\backend_ledger\\node_modules\\router\\lib\\route.js:117:3)\n    at handle (D:\\backend_ledger\\node_modules\\router\\index.js:435:11)\n    at Layer.handleRequest (D:\\backend_ledger\\node_modules\\router\\lib\\layer.js:152:17)\n    at D:\\backend_ledger\\node_modules\\router\\index.js:295:15\n    at processParams (D:\\backend_ledger\\node_modules\\router\\index.js:582:12)\n    at next (D:\\backend_ledger\\node_modules\\router\\index.js:291:5)\n    at Function.handle (D:\\backend_ledger\\node_modules\\router\\index.js:186:3)","timestamp":"2026-05-02T12:17:58.226Z"}
{"level":"info","message":{"duration":"2ms","method":"POST","status":400,"url":"/api/auth/register"},"timestamp":"2026-05-02T12:17:58.227Z"}
{"code":"VALIDATION_ERROR","level":"error","message":"Validation failed","method":"POST","path":"/api/auth/register","stack":"Error: Validation failed\n    at D:\\backend_ledger\\src\\middlewares\\validate.js:17:17\n    at Layer.handleRequest (D:\\backend_ledger\\node_modules\\router\\lib\\layer.js:152:17)\n    at next (D:\\backend_ledger\\node_modules\\router\\lib\\route.js:157:13)\n    at Route.dispatch (D:\\backend_ledger\\node_modules\\router\\lib\\route.js:117:3)\n    at handle (D:\\backend_ledger\\node_modules\\router\\index.js:435:11)\n    at Layer.handleRequest (D:\\backend_ledger\\node_modules\\router\\lib\\layer.js:152:17)\n    at D:\\backend_ledger\\node_modules\\router\\index.js:295:15\n    at processParams (D:\\backend_ledger\\node_modules\\router\\index.js:582:12)\n    at next (D:\\backend_ledger\\node_modules\\router\\index.js:291:5)\n    at Function.handle (D:\\backend_ledger\\node_modules\\router\\index.js:186:3)","timestamp":"2026-05-02T12:23:10.712Z"}
{"level":"info","message":{"duration":"2ms","method":"POST","status":400,"url":"/api/auth/register"},"timestamp":"2026-05-02T12:23:10.714Z"}
{"host":"ac-svvaol3-shard-00-00.emzjbxs.mongodb.net","level":"info","message":"MongoDB connected","timestamp":"2026-05-02T12:24:17.346Z"}
{"code":"VALIDATION_ERROR","level":"error","message":"Validation failed","method":"POST","path":"/api/auth/register","stack":"Error: Validation failed\n    at D:\\backend_ledger\\src\\middlewares\\validate.js:17:17\n    at Layer.handleRequest (D:\\backend_ledger\\node_modules\\router\\lib\\layer.js:152:17)\n    at next (D:\\backend_ledger\\node_modules\\router\\lib\\route.js:157:13)\n    at Route.dispatch (D:\\backend_ledger\\node_modules\\router\\lib\\route.js:117:3)\n    at handle (D:\\backend_ledger\\node_modules\\router\\index.js:435:11)\n    at Layer.handleRequest (D:\\backend_ledger\\node_modules\\router\\lib\\layer.js:152:17)\n    at D:\\backend_ledger\\node_modules\\router\\index.js:295:15\n    at processParams (D:\\backend_ledger\\node_modules\\router\\index.js:582:12)\n    at next (D:\\backend_ledger\\node_modules\\router\\index.js:291:5)\n    at Function.handle (D:\\backend_ledger\\node_modules\\router\\index.js:186:3)","timestamp":"2026-05-02T12:24:46.659Z"}
{"level":"info","message":{"duration":"7ms","method":"POST","status":400,"url":"/api/auth/register"},"timestamp":"2026-05-02T12:24:46.662Z"}
{"host":"ac-svvaol3-shard-00-02.emzjbxs.mongodb.net","level":"info","message":"MongoDB connected","timestamp":"2026-05-02T12:27:07.368Z"}
{"host":"ac-svvaol3-shard-00-00.emzjbxs.mongodb.net","level":"info","message":"MongoDB connected","timestamp":"2026-05-02T12:30:40.049Z"}
{"code":"VALIDATION_ERROR","level":"error","message":"Validation failed","method":"POST","path":"/api/auth/register","stack":"Error: Validation failed\n    at D:\\backend_ledger\\src\\middlewares\\validate.js:17:17\n    at Layer.handleRequest (D:\\backend_ledger\\node_modules\\router\\lib\\layer.js:152:17)\n    at next (D:\\backend_ledger\\node_modules\\router\\lib\\route.js:157:13)\n    at Route.dispatch (D:\\backend_ledger\\node_modules\\router\\lib\\route.js:117:3)\n    at handle (D:\\backend_ledger\\node_modules\\router\\index.js:435:11)\n    at Layer.handleRequest (D:\\backend_ledger\\node_modules\\router\\lib\\layer.js:152:17)\n    at D:\\backend_ledger\\node_modules\\router\\index.js:295:15\n    at processParams (D:\\backend_ledger\\node_modules\\router\\index.js:582:12)\n    at next (D:\\backend_ledger\\node_modules\\router\\index.js:291:5)\n    at Function.handle (D:\\backend_ledger\\node_modules\\router\\index.js:186:3)","timestamp":"2026-05-02T12:30:43.711Z"}
{"level":"info","message":{"duration":"8ms","method":"POST","status":400,"url":"/api/auth/register"},"timestamp":"2026-05-02T12:30:43.715Z"}
{"host":"ac-svvaol3-shard-00-00.emzjbxs.mongodb.net","level":"info","message":"MongoDB connected","timestamp":"2026-05-02T12:31:38.333Z"}
{"host":"ac-svvaol3-shard-00-00.emzjbxs.mongodb.net","level":"info","message":"MongoDB connected","timestamp":"2026-05-02T12:31:56.806Z"}
{"code":"VALIDATION_ERROR","level":"error","message":"Validation failed","method":"POST","path":"/api/auth/register","stack":"Error: Validation failed\n    at D:\\backend_ledger\\src\\middlewares\\validate.js:17:17\n    at Layer.handleRequest (D:\\backend_ledger\\node_modules\\router\\lib\\layer.js:152:17)\n    at next (D:\\backend_ledger\\node_modules\\router\\lib\\route.js:157:13)\n    at Route.dispatch (D:\\backend_ledger\\node_modules\\router\\lib\\route.js:117:3)\n    at handle (D:\\backend_ledger\\node_modules\\router\\index.js:435:11)\n    at Layer.handleRequest (D:\\backend_ledger\\node_modules\\router\\lib\\layer.js:152:17)\n    at D:\\backend_ledger\\node_modules\\router\\index.js:295:15\n    at processParams (D:\\backend_ledger\\node_modules\\router\\index.js:582:12)\n    at next (D:\\backend_ledger\\node_modules\\router\\index.js:291:5)\n    at Function.handle (D:\\backend_ledger\\node_modules\\router\\index.js:186:3)","timestamp":"2026-05-02T12:32:03.794Z"}
{"level":"info","message":{"duration":"8ms","method":"POST","status":400,"url":"/api/auth/register"},"timestamp":"2026-05-02T12:32:03.797Z"}
{"host":"ac-svvaol3-shard-00-01.emzjbxs.mongodb.net","level":"info","message":"MongoDB connected","timestamp":"2026-05-02T12:35:43.795Z"}
{"host":"ac-svvaol3-shard-00-01.emzjbxs.mongodb.net","level":"info","message":"MongoDB connected","timestamp":"2026-05-02T12:35:46.502Z"}
{"host":"ac-svvaol3-shard-00-02.emzjbxs.mongodb.net","level":"info","message":"MongoDB connected","timestamp":"2026-05-02T12:36:36.863Z"}
{"level":"error","message":"logger is not defined","method":"POST","path":"/api/auth/register","stack":"ReferenceError: logger is not defined\n    at D:\\backend_ledger\\src\\middlewares\\validate.js:5:9\n    at Layer.handleRequest (D:\\backend_ledger\\node_modules\\router\\lib\\layer.js:152:17)\n    at next (D:\\backend_ledger\\node_modules\\router\\lib\\route.js:157:13)\n    at Route.dispatch (D:\\backend_ledger\\node_modules\\router\\lib\\route.js:117:3)\n    at handle (D:\\backend_ledger\\node_modules\\router\\index.js:435:11)\n    at Layer.handleRequest (D:\\backend_ledger\\node_modules\\router\\lib\\layer.js:152:17)\n    at D:\\backend_ledger\\node_modules\\router\\index.js:295:15\n    at processParams (D:\\backend_ledger\\node_modules\\router\\index.js:582:12)\n    at next (D:\\backend_ledger\\node_modules\\router\\index.js:291:5)\n    at Function.handle (D:\\backend_ledger\\node_modules\\router\\index.js:186:3)","timestamp":"2026-05-02T12:36:55.859Z"}
{"level":"info","message":{"duration":"13ms","method":"POST","status":500,"url":"/api/auth/register"},"timestamp":"2026-05-02T12:36:55.868Z"}
{"host":"ac-svvaol3-shard-00-02.emzjbxs.mongodb.net","level":"info","message":"MongoDB connected","timestamp":"2026-05-02T12:37:13.329Z"}
{"host":"ac-svvaol3-shard-00-02.emzjbxs.mongodb.net","level":"info","message":"MongoDB connected","timestamp":"2026-05-02T12:37:26.692Z"}
{"body":{"email":"Test1@gmail.com","name":"Test","password":"123456"},"level":"info","message":"Validate middleware body","timestamp":"2026-05-02T12:37:34.846Z"}
{"code":"VALIDATION_ERROR","level":"error","message":"Validation failed","method":"POST","path":"/api/auth/register","stack":"Error: Validation failed\n    at D:\\backend_ledger\\src\\middlewares\\validate.js:22:17\n    at Layer.handleRequest (D:\\backend_ledger\\node_modules\\router\\lib\\layer.js:152:17)\n    at next (D:\\backend_ledger\\node_modules\\router\\lib\\route.js:157:13)\n    at Route.dispatch (D:\\backend_ledger\\node_modules\\router\\lib\\route.js:117:3)\n    at handle (D:\\backend_ledger\\node_modules\\router\\index.js:435:11)\n    at Layer.handleRequest (D:\\backend_ledger\\node_modules\\router\\lib\\layer.js:152:17)\n    at D:\\backend_ledger\\node_modules\\router\\index.js:295:15\n    at processParams (D:\\backend_ledger\\node_modules\\router\\index.js:582:12)\n    at next (D:\\backend_ledger\\node_modules\\router\\index.js:291:5)\n    at Function.handle (D:\\backend_ledger\\node_modules\\router\\index.js:186:3)","timestamp":"2026-05-02T12:37:34.850Z"}
{"level":"info","message":{"duration":"7ms","method":"POST","status":400,"url":"/api/auth/register"},"timestamp":"2026-05-02T12:37:34.853Z"}
{"host":"ac-svvaol3-shard-00-00.emzjbxs.mongodb.net","level":"info","message":"MongoDB connected","timestamp":"2026-05-02T12:40:12.952Z"}
{"host":"ac-svvaol3-shard-00-00.emzjbxs.mongodb.net","level":"info","message":"MongoDB connected","timestamp":"2026-05-02T12:40:16.426Z"}
{"host":"ac-svvaol3-shard-00-02.emzjbxs.mongodb.net","level":"info","message":"MongoDB connected","timestamp":"2026-05-02T12:40:20.374Z"}
{"host":"ac-svvaol3-shard-00-01.emzjbxs.mongodb.net","level":"info","message":"MongoDB connected","timestamp":"2026-05-02T12:40:23.381Z"}
{"host":"ac-svvaol3-shard-00-00.emzjbxs.mongodb.net","level":"info","message":"MongoDB connected","timestamp":"2026-05-02T12:40:25.639Z"}
{"host":"ac-svvaol3-shard-00-02.emzjbxs.mongodb.net","level":"info","message":"MongoDB connected","timestamp":"2026-05-02T12:40:29.561Z"}
{"body":{"email":"Test1@gmail.com","name":"Test","password":"123456"},"level":"info","message":"Validate middleware body","timestamp":"2026-05-02T12:41:54.479Z"}
{"level":"error","message":"next is not a function","method":"POST","path":"/api/auth/register","stack":"TypeError: next is not a function\n    at model.<anonymous> (D:\\backend_ledger\\src\\models\\user.model.js:32:5)\n    at async Kareem.execPre (D:\\backend_ledger\\node_modules\\kareem\\index.js:61:24)\n    at async model.$__save (D:\\backend_ledger\\node_modules\\mongoose\\lib\\model.js:397:5)\n    at async model.save (D:\\backend_ledger\\node_modules\\mongoose\\lib\\model.js:667:5)\n    at async Function.create (D:\\backend_ledger\\node_modules\\mongoose\\lib\\model.js:2747:5)\n    at async Object.register (D:\\backend_ledger\\src\\services\\auth.service.js:24:16)\n    at async register (D:\\backend_ledger\\src\\controllers\\auth.controller.js:5:22)","timestamp":"2026-05-02T12:41:54.731Z"}
{"level":"info","message":{"duration":"256ms","method":"POST","status":500,"url":"/api/auth/register"},"timestamp":"2026-05-02T12:41:54.735Z"}
{"host":"ac-svvaol3-shard-00-01.emzjbxs.mongodb.net","level":"info","message":"MongoDB connected","timestamp":"2026-05-02T12:42:40.720Z"}
{"body":{"email":"Test1@gmail.com","name":"Test","password":"123456"},"level":"info","message":"Validate middleware body","timestamp":"2026-05-02T12:42:48.496Z"}
{"level":"error","message":"next is not a function","method":"POST","path":"/api/auth/register","stack":"TypeError: next is not a function\n    at model.<anonymous> (D:\\backend_ledger\\src\\models\\user.model.js:32:5)\n    at async Kareem.execPre (D:\\backend_ledger\\node_modules\\kareem\\index.js:61:24)\n    at async model.$__save (D:\\backend_ledger\\node_modules\\mongoose\\lib\\model.js:397:5)\n    at async model.save (D:\\backend_ledger\\node_modules\\mongoose\\lib\\model.js:667:5)\n    at async Function.create (D:\\backend_ledger\\node_modules\\mongoose\\lib\\model.js:2747:5)\n    at async Object.register (D:\\backend_ledger\\src\\services\\auth.service.js:24:16)\n    at async register (D:\\backend_ledger\\src\\controllers\\auth.controller.js:5:22)","timestamp":"2026-05-02T12:42:48.688Z"}
{"level":"info","message":{"duration":"199ms","method":"POST","status":500,"url":"/api/auth/register"},"timestamp":"2026-05-02T12:42:48.694Z"}
{"host":"ac-svvaol3-shard-00-01.emzjbxs.mongodb.net","level":"info","message":"MongoDB connected","timestamp":"2026-05-02T12:54:09.723Z"}
{"host":"ac-svvaol3-shard-00-02.emzjbxs.mongodb.net","level":"info","message":"MongoDB connected","timestamp":"2026-05-02T12:54:12.775Z"}
{"body":{"email":"Test1@gmail.com","name":"Test","password":"123456"},"level":"info","message":"Validate middleware body","timestamp":"2026-05-02T12:54:25.007Z"}
{"level":"info","message":{"duration":"211ms","method":"POST","status":200,"url":"/api/auth/register"},"timestamp":"2026-05-02T12:54:25.218Z"}
{"host":"ac-svvaol3-shard-00-02.emzjbxs.mongodb.net","level":"info","message":"MongoDB connected","timestamp":"2026-05-02T12:55:37.397Z"}
{"body":{"email":"Test1@gmail.com","name":"Test","password":"123456"},"level":"info","message":"Validate middleware body","timestamp":"2026-05-02T12:55:53.645Z"}
{"code":"BAD_REQUEST","level":"error","message":"User already exists","method":"POST","path":"/api/auth/register","stack":"Error: User already exists\n    at Object.register (D:\\backend_ledger\\src\\services\\auth.service.js:19:15)\n    at process.processTicksAndRejections (node:internal/process/task_queues:105:5)\n    at async register (D:\\backend_ledger\\src\\controllers\\auth.controller.js:5:22)","timestamp":"2026-05-02T12:55:53.730Z"}
{"level":"info","message":{"duration":"91ms","method":"POST","status":400,"url":"/api/auth/register"},"timestamp":"2026-05-02T12:55:53.736Z"}
{"body":{"email":"Test2@gmail.com","name":"Test2","password":"123456"},"level":"info","message":"Validate middleware body","timestamp":"2026-05-02T12:56:11.323Z"}
{"level":"info","message":{"duration":"291ms","method":"POST","status":200,"url":"/api/auth/register"},"timestamp":"2026-05-02T12:56:11.614Z"}
{"host":"ac-svvaol3-shard-00-02.emzjbxs.mongodb.net","level":"info","message":"MongoDB connected","timestamp":"2026-05-02T12:58:02.863Z"}
{"body":{"email":"Test2@gmail.com","name":"Test2","password":"123456"},"level":"info","message":"Validate middleware body","timestamp":"2026-05-02T13:04:31.378Z"}
{"code":"BAD_REQUEST","level":"error","message":"User already exists","method":"POST","path":"/api/auth/register","stack":"Error: User already exists\n    at Object.register (D:\\backend_ledger\\src\\services\\auth.service.js:19:15)\n    at process.processTicksAndRejections (node:internal/process/task_queues:105:5)\n    at async register (D:\\backend_ledger\\src\\controllers\\auth.controller.js:5:22)","timestamp":"2026-05-02T13:04:31.529Z"}
{"level":"info","message":{"duration":"159ms","method":"POST","status":400,"url":"/api/auth/register"},"timestamp":"2026-05-02T13:04:31.535Z"}
{"body":{"email":"Test2@gmail.com"},"level":"info","message":"Validate middleware body","timestamp":"2026-05-02T13:07:49.309Z"}
{"code":"VALIDATION_ERROR","level":"error","message":"Validation failed","method":"POST","path":"/api/auth/register","stack":"Error: Validation failed\n    at D:\\backend_ledger\\src\\middlewares\\validate.js:22:17\n    at Layer.handleRequest (D:\\backend_ledger\\node_modules\\router\\lib\\layer.js:152:17)\n    at next (D:\\backend_ledger\\node_modules\\router\\lib\\route.js:157:13)\n    at Route.dispatch (D:\\backend_ledger\\node_modules\\router\\lib\\route.js:117:3)\n    at handle (D:\\backend_ledger\\node_modules\\router\\index.js:435:11)\n    at Layer.handleRequest (D:\\backend_ledger\\node_modules\\router\\lib\\layer.js:152:17)\n    at D:\\backend_ledger\\node_modules\\router\\index.js:295:15\n    at processParams (D:\\backend_ledger\\node_modules\\router\\index.js:582:12)\n    at next (D:\\backend_ledger\\node_modules\\router\\index.js:291:5)\n    at Function.handle (D:\\backend_ledger\\node_modules\\router\\index.js:186:3)","timestamp":"2026-05-02T13:07:49.314Z"}
{"level":"info","message":{"duration":"8ms","method":"POST","status":400,"url":"/api/auth/register"},"timestamp":"2026-05-02T13:07:49.316Z"}
{"body":{"email":"wrong-email","name":"Test2","password":"123456"},"level":"info","message":"Validate middleware body","timestamp":"2026-05-02T13:09:59.222Z"}
{"code":"VALIDATION_ERROR","level":"error","message":"Validation failed","method":"POST","path":"/api/auth/register","stack":"Error: Validation failed\n    at D:\\backend_ledger\\src\\middlewares\\validate.js:22:17\n    at Layer.handleRequest (D:\\backend_ledger\\node_modules\\router\\lib\\layer.js:152:17)\n    at next (D:\\backend_ledger\\node_modules\\router\\lib\\route.js:157:13)\n    at Route.dispatch (D:\\backend_ledger\\node_modules\\router\\lib\\route.js:117:3)\n    at handle (D:\\backend_ledger\\node_modules\\router\\index.js:435:11)\n    at Layer.handleRequest (D:\\backend_ledger\\node_modules\\router\\lib\\layer.js:152:17)\n    at D:\\backend_ledger\\node_modules\\router\\index.js:295:15\n    at processParams (D:\\backend_ledger\\node_modules\\router\\index.js:582:12)\n    at next (D:\\backend_ledger\\node_modules\\router\\index.js:291:5)\n    at Function.handle (D:\\backend_ledger\\node_modules\\router\\index.js:186:3)","timestamp":"2026-05-02T13:09:59.225Z"}
{"level":"info","message":{"duration":"6ms","method":"POST","status":400,"url":"/api/auth/register"},"timestamp":"2026-05-02T13:09:59.228Z"}
{"body":{"email":".@gmail.com","name":"Test2","password":"123456"},"level":"info","message":"Validate middleware body","timestamp":"2026-05-02T13:10:26.056Z"}
{"code":"VALIDATION_ERROR","level":"error","message":"Validation failed","method":"POST","path":"/api/auth/register","stack":"Error: Validation failed\n    at D:\\backend_ledger\\src\\middlewares\\validate.js:22:17\n    at Layer.handleRequest (D:\\backend_ledger\\node_modules\\router\\lib\\layer.js:152:17)\n    at next (D:\\backend_ledger\\node_modules\\router\\lib\\route.js:157:13)\n    at Route.dispatch (D:\\backend_ledger\\node_modules\\router\\lib\\route.js:117:3)\n    at handle (D:\\backend_ledger\\node_modules\\router\\index.js:435:11)\n    at Layer.handleRequest (D:\\backend_ledger\\node_modules\\router\\lib\\layer.js:152:17)\n    at D:\\backend_ledger\\node_modules\\router\\index.js:295:15\n    at processParams (D:\\backend_ledger\\node_modules\\router\\index.js:582:12)\n    at next (D:\\backend_ledger\\node_modules\\router\\index.js:291:5)\n    at Function.handle (D:\\backend_ledger\\node_modules\\router\\index.js:186:3)","timestamp":"2026-05-02T13:10:26.058Z"}
{"level":"info","message":{"duration":"4ms","method":"POST","status":400,"url":"/api/auth/register"},"timestamp":"2026-05-02T13:10:26.060Z"}
{"body":{"email":"Test2.@gmail.com","name":"Test2","password":"123456"},"level":"info","message":"Validate middleware body","timestamp":"2026-05-02T13:10:53.738Z"}
{"code":"VALIDATION_ERROR","level":"error","message":"Validation failed","method":"POST","path":"/api/auth/register","stack":"Error: Validation failed\n    at D:\\backend_ledger\\src\\middlewares\\validate.js:22:17\n    at Layer.handleRequest (D:\\backend_ledger\\node_modules\\router\\lib\\layer.js:152:17)\n    at next (D:\\backend_ledger\\node_modules\\router\\lib\\route.js:157:13)\n    at Route.dispatch (D:\\backend_ledger\\node_modules\\router\\lib\\route.js:117:3)\n    at handle (D:\\backend_ledger\\node_modules\\router\\index.js:435:11)\n    at Layer.handleRequest (D:\\backend_ledger\\node_modules\\router\\lib\\layer.js:152:17)\n    at D:\\backend_ledger\\node_modules\\router\\index.js:295:15\n    at processParams (D:\\backend_ledger\\node_modules\\router\\index.js:582:12)\n    at next (D:\\backend_ledger\\node_modules\\router\\index.js:291:5)\n    at Function.handle (D:\\backend_ledger\\node_modules\\router\\index.js:186:3)","timestamp":"2026-05-02T13:10:53.740Z"}
{"level":"info","message":{"duration":"5ms","method":"POST","status":400,"url":"/api/auth/register"},"timestamp":"2026-05-02T13:10:53.742Z"}
{"host":"ac-svvaol3-shard-00-02.emzjbxs.mongodb.net","level":"info","message":"MongoDB connected","timestamp":"2026-05-02T15:55:12.035Z"}
{"host":"ac-svvaol3-shard-00-01.emzjbxs.mongodb.net","level":"info","message":"MongoDB connected","timestamp":"2026-05-02T15:55:16.166Z"}
{"host":"ac-svvaol3-shard-00-02.emzjbxs.mongodb.net","level":"info","message":"MongoDB connected","timestamp":"2026-05-02T15:55:18.870Z"}
{"host":"ac-svvaol3-shard-00-00.emzjbxs.mongodb.net","level":"info","message":"MongoDB connected","timestamp":"2026-05-02T15:55:23.001Z"}
{"host":"ac-svvaol3-shard-00-01.emzjbxs.mongodb.net","level":"info","message":"MongoDB connected","timestamp":"2026-05-02T16:19:43.484Z"}
{"host":"ac-svvaol3-shard-00-02.emzjbxs.mongodb.net","level":"info","message":"MongoDB connected","timestamp":"2026-05-02T16:20:15.853Z"}
{"host":"ac-svvaol3-shard-00-01.emzjbxs.mongodb.net","level":"info","message":"MongoDB connected","timestamp":"2026-05-02T16:20:34.683Z"}
{"host":"ac-svvaol3-shard-00-02.emzjbxs.mongodb.net","level":"info","message":"MongoDB connected","timestamp":"2026-05-02T16:20:39.715Z"}
{"host":"ac-svvaol3-shard-00-00.emzjbxs.mongodb.net","level":"info","message":"MongoDB connected","timestamp":"2026-05-02T16:20:42.907Z"}
{"host":"ac-svvaol3-shard-00-02.emzjbxs.mongodb.net","level":"info","message":"MongoDB connected","timestamp":"2026-05-02T16:20:51.241Z"}
{"host":"ac-svvaol3-shard-00-02.emzjbxs.mongodb.net","level":"info","message":"MongoDB connected","timestamp":"2026-05-02T16:21:56.770Z"}
{"host":"ac-svvaol3-shard-00-00.emzjbxs.mongodb.net","level":"info","message":"MongoDB connected","timestamp":"2026-05-02T16:22:00.217Z"}
{"host":"ac-svvaol3-shard-00-01.emzjbxs.mongodb.net","level":"info","message":"MongoDB connected","timestamp":"2026-05-02T16:22:06.599Z"}
{"host":"ac-svvaol3-shard-00-02.emzjbxs.mongodb.net","level":"info","message":"MongoDB connected","timestamp":"2026-05-02T16:22:09.135Z"}
{"host":"ac-svvaol3-shard-00-01.emzjbxs.mongodb.net","level":"info","message":"MongoDB connected","timestamp":"2026-05-02T16:22:13.658Z"}
{"host":"ac-svvaol3-shard-00-00.emzjbxs.mongodb.net","level":"info","message":"MongoDB connected","timestamp":"2026-05-02T16:22:20.203Z"}
{"host":"ac-svvaol3-shard-00-01.emzjbxs.mongodb.net","level":"info","message":"MongoDB connected","timestamp":"2026-05-02T16:22:24.073Z"}
{"host":"ac-svvaol3-shard-00-00.emzjbxs.mongodb.net","level":"info","message":"MongoDB connected","timestamp":"2026-05-02T16:22:26.479Z"}
{"host":"ac-svvaol3-shard-00-01.emzjbxs.mongodb.net","level":"info","message":"MongoDB connected","timestamp":"2026-05-02T16:22:29.377Z"}
{"host":"ac-svvaol3-shard-00-02.emzjbxs.mongodb.net","level":"info","message":"MongoDB connected","timestamp":"2026-05-02T16:22:36.288Z"}
{"host":"ac-svvaol3-shard-00-00.emzjbxs.mongodb.net","level":"info","message":"MongoDB connected","timestamp":"2026-05-02T16:22:57.977Z"}
{"host":"ac-svvaol3-shard-00-00.emzjbxs.mongodb.net","level":"info","message":"MongoDB connected","timestamp":"2026-05-02T16:23:18.555Z"}
{"host":"ac-svvaol3-shard-00-02.emzjbxs.mongodb.net","level":"info","message":"MongoDB connected","timestamp":"2026-05-02T16:23:35.506Z"}
{"host":"ac-svvaol3-shard-00-01.emzjbxs.mongodb.net","level":"info","message":"MongoDB connected","timestamp":"2026-05-02T16:23:40.043Z"}
{"host":"ac-svvaol3-shard-00-02.emzjbxs.mongodb.net","level":"info","message":"MongoDB connected","timestamp":"2026-05-02T16:23:43.541Z"}
{"host":"ac-svvaol3-shard-00-00.emzjbxs.mongodb.net","level":"info","message":"MongoDB connected","timestamp":"2026-05-02T16:23:48.538Z"}
{"host":"ac-svvaol3-shard-00-02.emzjbxs.mongodb.net","level":"info","message":"MongoDB connected","timestamp":"2026-05-02T16:24:00.388Z"}
{"host":"ac-svvaol3-shard-00-00.emzjbxs.mongodb.net","level":"info","message":"MongoDB connected","timestamp":"2026-05-02T16:24:11.744Z"}
{"host":"ac-svvaol3-shard-00-02.emzjbxs.mongodb.net","level":"info","message":"MongoDB connected","timestamp":"2026-05-02T16:24:18.186Z"}
{"host":"ac-svvaol3-shard-00-02.emzjbxs.mongodb.net","level":"info","message":"MongoDB connected","timestamp":"2026-05-02T16:24:21.414Z"}
{"host":"ac-svvaol3-shard-00-00.emzjbxs.mongodb.net","level":"info","message":"MongoDB connected","timestamp":"2026-05-02T16:24:30.567Z"}
{"host":"ac-svvaol3-shard-00-00.emzjbxs.mongodb.net","level":"info","message":"MongoDB connected","timestamp":"2026-05-02T16:24:34.547Z"}
{"host":"ac-svvaol3-shard-00-00.emzjbxs.mongodb.net","level":"info","message":"MongoDB connected","timestamp":"2026-05-02T16:24:37.540Z"}
{"host":"ac-svvaol3-shard-00-02.emzjbxs.mongodb.net","level":"info","message":"MongoDB connected","timestamp":"2026-05-02T16:24:46.240Z"}
{"host":"ac-svvaol3-shard-00-00.emzjbxs.mongodb.net","level":"info","message":"MongoDB connected","timestamp":"2026-05-02T16:24:57.648Z"}
{"host":"ac-svvaol3-shard-00-00.emzjbxs.mongodb.net","level":"info","message":"MongoDB connected","timestamp":"2026-05-02T16:25:09.580Z"}
{"host":"ac-svvaol3-shard-00-01.emzjbxs.mongodb.net","level":"info","message":"MongoDB connected","timestamp":"2026-05-02T16:25:12.258Z"}
{"host":"ac-svvaol3-shard-00-02.emzjbxs.mongodb.net","level":"info","message":"MongoDB connected","timestamp":"2026-05-02T16:25:17.401Z"}
{"host":"ac-svvaol3-shard-00-02.emzjbxs.mongodb.net","level":"info","message":"MongoDB connected","timestamp":"2026-05-02T16:25:23.159Z"}
{"host":"ac-svvaol3-shard-00-00.emzjbxs.mongodb.net","level":"info","message":"MongoDB connected","timestamp":"2026-05-02T16:25:33.157Z"}
{"host":"ac-svvaol3-shard-00-02.emzjbxs.mongodb.net","level":"info","message":"MongoDB connected","timestamp":"2026-05-02T16:25:36.418Z"}
{"host":"ac-svvaol3-shard-00-01.emzjbxs.mongodb.net","level":"info","message":"MongoDB connected","timestamp":"2026-05-02T16:27:21.754Z"}
{"host":"ac-svvaol3-shard-00-00.emzjbxs.mongodb.net","level":"info","message":"MongoDB connected","timestamp":"2026-05-02T16:27:42.006Z"}
{"host":"ac-svvaol3-shard-00-00.emzjbxs.mongodb.net","level":"info","message":"MongoDB connected","timestamp":"2026-05-02T16:27:51.453Z"}
{"host":"ac-svvaol3-shard-00-01.emzjbxs.mongodb.net","level":"info","message":"MongoDB connected","timestamp":"2026-05-02T16:27:55.156Z"}
{"host":"ac-svvaol3-shard-00-01.emzjbxs.mongodb.net","level":"info","message":"MongoDB connected","timestamp":"2026-05-02T16:28:07.621Z"}
{"host":"ac-svvaol3-shard-00-00.emzjbxs.mongodb.net","level":"info","message":"MongoDB connected","timestamp":"2026-05-02T16:28:17.058Z"}
{"host":"ac-svvaol3-shard-00-01.emzjbxs.mongodb.net","level":"info","message":"MongoDB connected","timestamp":"2026-05-02T16:28:18.986Z"}
{"host":"ac-svvaol3-shard-00-00.emzjbxs.mongodb.net","level":"info","message":"MongoDB connected","timestamp":"2026-05-02T16:28:22.626Z"}
{"host":"ac-svvaol3-shard-00-01.emzjbxs.mongodb.net","level":"info","message":"MongoDB connected","timestamp":"2026-05-02T16:28:26.387Z"}
{"host":"ac-svvaol3-shard-00-02.emzjbxs.mongodb.net","level":"info","message":"MongoDB connected","timestamp":"2026-05-02T16:28:33.813Z"}
{"host":"ac-svvaol3-shard-00-02.emzjbxs.mongodb.net","level":"info","message":"MongoDB connected","timestamp":"2026-05-02T16:28:36.627Z"}
{"host":"ac-svvaol3-shard-00-01.emzjbxs.mongodb.net","level":"info","message":"MongoDB connected","timestamp":"2026-05-02T16:28:39.250Z"}
{"host":"ac-svvaol3-shard-00-01.emzjbxs.mongodb.net","level":"info","message":"MongoDB connected","timestamp":"2026-05-02T16:28:46.437Z"}
{"host":"ac-svvaol3-shard-00-00.emzjbxs.mongodb.net","level":"info","message":"MongoDB connected","timestamp":"2026-05-02T16:28:49.688Z"}
{"host":"ac-svvaol3-shard-00-02.emzjbxs.mongodb.net","level":"info","message":"MongoDB connected","timestamp":"2026-05-02T16:28:58.082Z"}
{"host":"ac-svvaol3-shard-00-01.emzjbxs.mongodb.net","level":"info","message":"MongoDB connected","timestamp":"2026-05-02T16:29:03.648Z"}
{"host":"ac-svvaol3-shard-00-02.emzjbxs.mongodb.net","level":"info","message":"MongoDB connected","timestamp":"2026-05-02T16:29:06.788Z"}
{"host":"ac-svvaol3-shard-00-00.emzjbxs.mongodb.net","level":"info","message":"MongoDB connected","timestamp":"2026-05-02T16:29:11.517Z"}
{"host":"ac-svvaol3-shard-00-02.emzjbxs.mongodb.net","level":"info","message":"MongoDB connected","timestamp":"2026-05-02T16:29:22.162Z"}
{"host":"ac-svvaol3-shard-00-02.emzjbxs.mongodb.net","level":"info","message":"MongoDB connected","timestamp":"2026-05-02T16:29:27.075Z"}
{"host":"ac-svvaol3-shard-00-00.emzjbxs.mongodb.net","level":"info","message":"MongoDB connected","timestamp":"2026-05-02T16:29:29.476Z"}
{"host":"ac-svvaol3-shard-00-02.emzjbxs.mongodb.net","level":"info","message":"MongoDB connected","timestamp":"2026-05-02T16:29:34.727Z"}
{"host":"ac-svvaol3-shard-00-01.emzjbxs.mongodb.net","level":"info","message":"MongoDB connected","timestamp":"2026-05-02T16:29:42.494Z"}
{"host":"ac-svvaol3-shard-00-01.emzjbxs.mongodb.net","level":"info","message":"MongoDB connected","timestamp":"2026-05-02T16:29:47.763Z"}
{"host":"ac-svvaol3-shard-00-01.emzjbxs.mongodb.net","level":"info","message":"MongoDB connected","timestamp":"2026-05-02T16:29:58.885Z"}
{"host":"ac-svvaol3-shard-00-02.emzjbxs.mongodb.net","level":"info","message":"MongoDB connected","timestamp":"2026-05-02T16:30:01.075Z"}
{"host":"ac-svvaol3-shard-00-00.emzjbxs.mongodb.net","level":"info","message":"MongoDB connected","timestamp":"2026-05-02T16:30:04.696Z"}
{"host":"ac-svvaol3-shard-00-01.emzjbxs.mongodb.net","level":"info","message":"MongoDB connected","timestamp":"2026-05-02T16:30:13.938Z"}
{"host":"ac-svvaol3-shard-00-02.emzjbxs.mongodb.net","level":"info","message":"MongoDB connected","timestamp":"2026-05-02T16:30:33.061Z"}
{"host":"ac-svvaol3-shard-00-01.emzjbxs.mongodb.net","level":"info","message":"MongoDB connected","timestamp":"2026-05-02T16:30:43.693Z"}
{"host":"ac-svvaol3-shard-00-02.emzjbxs.mongodb.net","level":"info","message":"MongoDB connected","timestamp":"2026-05-02T16:30:51.426Z"}
{"host":"ac-svvaol3-shard-00-01.emzjbxs.mongodb.net","level":"info","message":"MongoDB connected","timestamp":"2026-05-02T16:31:01.127Z"}
{"host":"ac-svvaol3-shard-00-00.emzjbxs.mongodb.net","level":"info","message":"MongoDB connected","timestamp":"2026-05-02T16:31:19.456Z"}
{"host":"ac-svvaol3-shard-00-00.emzjbxs.mongodb.net","level":"info","message":"MongoDB connected","timestamp":"2026-05-02T16:31:23.823Z"}
{"host":"ac-svvaol3-shard-00-00.emzjbxs.mongodb.net","level":"info","message":"MongoDB connected","timestamp":"2026-05-02T16:33:44.191Z"}
{"host":"ac-svvaol3-shard-00-00.emzjbxs.mongodb.net","level":"info","message":"MongoDB connected","timestamp":"2026-05-02T16:33:52.804Z"}
{"host":"ac-svvaol3-shard-00-02.emzjbxs.mongodb.net","level":"info","message":"MongoDB connected","timestamp":"2026-05-02T16:33:54.653Z"}
{"body":{"email":"Test2@gmail.com","password":"123456"},"level":"info","message":"Validate middleware body","timestamp":"2026-05-02T16:40:15.959Z"}
{"level":"info","message":{"duration":"407ms","method":"POST","status":200,"url":"/api/auth/login"},"timestamp":"2026-05-02T16:40:16.365Z"}
{"body":{"email":"Test2@gmail.com","password":"wrong123"},"level":"info","message":"Validate middleware body","timestamp":"2026-05-02T16:41:57.284Z"}
{"code":"UNAUTHORIZED","level":"error","message":"Invalid Credentials","method":"POST","path":"/api/auth/login","stack":"Error: Invalid Credentials\n    at Object.login (D:\\backend_ledger\\src\\services\\auth.service.js:42:15)\n    at async login (D:\\backend_ledger\\src\\controllers\\auth.controller.js:20:22)","timestamp":"2026-05-02T16:41:57.432Z"}
{"level":"info","message":{"duration":"150ms","method":"POST","status":401,"url":"/api/auth/login"},"timestamp":"2026-05-02T16:41:57.434Z"}
{"body":{"email":"hello@gmail.com","password":"123456"},"level":"info","message":"Validate middleware body","timestamp":"2026-05-02T16:44:05.468Z"}
{"code":"UNAUTHORIZED","level":"error","message":"Invalid Credentials","method":"POST","path":"/api/auth/login","stack":"Error: Invalid Credentials\n    at Object.login (D:\\backend_ledger\\src\\services\\auth.service.js:36:15)\n    at process.processTicksAndRejections (node:internal/process/task_queues:105:5)\n    at async login (D:\\backend_ledger\\src\\controllers\\auth.controller.js:20:22)","timestamp":"2026-05-02T16:44:05.602Z"}
{"level":"info","message":{"duration":"170ms","method":"POST","status":401,"url":"/api/auth/login"},"timestamp":"2026-05-02T16:44:05.637Z"}
{"body":{"email":"Test2@gmail.com"},"level":"info","message":"Validate middleware body","timestamp":"2026-05-02T16:46:23.965Z"}
{"code":"VALIDATION_ERROR","level":"error","message":"Validation failed","method":"POST","path":"/api/auth/login","stack":"Error: Validation failed\n    at D:\\backend_ledger\\src\\middlewares\\validate.js:22:17\n    at Layer.handleRequest (D:\\backend_ledger\\node_modules\\router\\lib\\layer.js:152:17)\n    at next (D:\\backend_ledger\\node_modules\\router\\lib\\route.js:157:13)\n    at Route.dispatch (D:\\backend_ledger\\node_modules\\router\\lib\\route.js:117:3)\n    at handle (D:\\backend_ledger\\node_modules\\router\\index.js:435:11)\n    at Layer.handleRequest (D:\\backend_ledger\\node_modules\\router\\lib\\layer.js:152:17)\n    at D:\\backend_ledger\\node_modules\\router\\index.js:295:15\n    at processParams (D:\\backend_ledger\\node_modules\\router\\index.js:582:12)\n    at next (D:\\backend_ledger\\node_modules\\router\\index.js:291:5)\n    at Function.handle (D:\\backend_ledger\\node_modules\\router\\index.js:186:3)","timestamp":"2026-05-02T16:46:23.968Z"}
{"level":"info","message":{"duration":"4ms","method":"POST","status":400,"url":"/api/auth/login"},"timestamp":"2026-05-02T16:46:23.969Z"}
{"host":"ac-svvaol3-shard-00-01.emzjbxs.mongodb.net","level":"info","message":"MongoDB connected","timestamp":"2026-05-02T16:53:32.441Z"}
{"code":"UNAUTHORIZED","level":"error","message":"Authentication Required","method":"GET","path":"/api/users/profile","stack":"Error: Authentication Required\n    at authMiddleware (D:\\backend_ledger\\src\\middlewares\\auth.middleware.js:11:19)\n    at Layer.handleRequest (D:\\backend_ledger\\node_modules\\router\\lib\\layer.js:152:17)\n    at next (D:\\backend_ledger\\node_modules\\router\\lib\\route.js:157:13)\n    at Route.dispatch (D:\\backend_ledger\\node_modules\\router\\lib\\route.js:117:3)\n    at handle (D:\\backend_ledger\\node_modules\\router\\index.js:435:11)\n    at Layer.handleRequest (D:\\backend_ledger\\node_modules\\router\\lib\\layer.js:152:17)\n    at D:\\backend_ledger\\node_modules\\router\\index.js:295:15\n    at processParams (D:\\backend_ledger\\node_modules\\router\\index.js:582:12)\n    at next (D:\\backend_ledger\\node_modules\\router\\index.js:291:5)\n    at Function.handle (D:\\backend_ledger\\node_modules\\router\\index.js:186:3)","timestamp":"2026-05-03T10:00:28.033Z"}
{"level":"info","message":{"duration":"11ms","method":"GET","status":401,"url":"/api/users/profile"},"timestamp":"2026-05-03T10:00:28.040Z"}
{"host":"ac-svvaol3-shard-00-02.emzjbxs.mongodb.net","level":"info","message":"MongoDB connected","timestamp":"2026-05-03T10:00:28.464Z"}
{"level":"info","message":{"duration":"220ms","method":"POST","status":200,"url":"/api/auth/login"},"timestamp":"2026-05-03T10:01:46.614Z"}
{"level":"info","message":{"duration":"65ms","method":"GET","status":200,"url":"/api/users/profile"},"timestamp":"2026-05-03T10:03:28.630Z"}
{"host":"ac-svvaol3-shard-00-00.emzjbxs.mongodb.net","level":"info","message":"MongoDB connected","timestamp":"2026-05-04T11:20:33.937Z"}
{"level":"info","message":{"duration":"185ms","method":"POST","status":200,"url":"/api/auth/login"},"timestamp":"2026-05-04T11:25:20.617Z"}
{"level":"info","message":{"duration":"2ms","method":"POST","status":404,"url":"/api/accounts"},"timestamp":"2026-05-04T11:25:53.553Z"}
{"level":"error","message":"Cannot read properties of undefined (reading 'id')","method":"POST","path":"/api/account","stack":"TypeError: Cannot read properties of undefined (reading 'id')\n    at createAccount (D:\\backend_ledger\\src\\controllers\\account.controller.js:6:67)\n    at Layer.handleRequest (D:\\backend_ledger\\node_modules\\router\\lib\\layer.js:152:17)\n    at next (D:\\backend_ledger\\node_modules\\router\\lib\\route.js:157:13)\n    at Route.dispatch (D:\\backend_ledger\\node_modules\\router\\lib\\route.js:117:3)\n    at handle (D:\\backend_ledger\\node_modules\\router\\index.js:435:11)\n    at Layer.handleRequest (D:\\backend_ledger\\node_modules\\router\\lib\\layer.js:152:17)\n    at D:\\backend_ledger\\node_modules\\router\\index.js:295:15\n    at processParams (D:\\backend_ledger\\node_modules\\router\\index.js:582:12)\n    at next (D:\\backend_ledger\\node_modules\\router\\index.js:291:5)\n    at Function.handle (D:\\backend_ledger\\node_modules\\router\\index.js:186:3)","timestamp":"2026-05-04T11:26:19.167Z"}
{"level":"info","message":{"duration":"3ms","method":"POST","status":500,"url":"/api/account"},"timestamp":"2026-05-04T11:26:19.168Z"}
{"host":"ac-svvaol3-shard-00-00.emzjbxs.mongodb.net","level":"info","message":"MongoDB connected","timestamp":"2026-05-04T11:29:20.382Z"}
{"level":"info","message":{"duration":"172ms","method":"POST","status":200,"url":"/api/account"},"timestamp":"2026-05-04T11:29:41.294Z"}
{"level":"info","message":{"duration":"209ms","method":"GET","status":200,"url":"/api/account"},"timestamp":"2026-05-04T11:33:28.921Z"}
{"code":"UNAUTHORIZED","level":"error","message":"Invalid token or expired token","method":"POST","path":"/api/account","stack":"Error: Invalid token or expired token\n    at authMiddleware (D:\\backend_ledger\\src\\middlewares\\auth.middleware.js:18:17)\n    at Layer.handleRequest (D:\\backend_ledger\\node_modules\\router\\lib\\layer.js:152:17)\n    at next (D:\\backend_ledger\\node_modules\\router\\lib\\route.js:157:13)\n    at Route.dispatch (D:\\backend_ledger\\node_modules\\router\\lib\\route.js:117:3)\n    at handle (D:\\backend_ledger\\node_modules\\router\\index.js:435:11)\n    at Layer.handleRequest (D:\\backend_ledger\\node_modules\\router\\lib\\layer.js:152:17)\n    at D:\\backend_ledger\\node_modules\\router\\index.js:295:15\n    at processParams (D:\\backend_ledger\\node_modules\\router\\index.js:582:12)\n    at next (D:\\backend_ledger\\node_modules\\router\\index.js:291:5)\n    at Function.handle (D:\\backend_ledger\\node_modules\\router\\index.js:186:3)","timestamp":"2026-05-04T11:59:52.955Z"}
{"level":"info","message":{"duration":"12ms","method":"POST","status":401,"url":"/api/account"},"timestamp":"2026-05-04T11:59:52.959Z"}
{"code":"UNAUTHORIZED","level":"error","message":"Authentication Required","method":"POST","path":"/api/account","stack":"Error: Authentication Required\n    at authMiddleware (D:\\backend_ledger\\src\\middlewares\\auth.middleware.js:11:19)\n    at Layer.handleRequest (D:\\backend_ledger\\node_modules\\router\\lib\\layer.js:152:17)\n    at next (D:\\backend_ledger\\node_modules\\router\\lib\\route.js:157:13)\n    at Route.dispatch (D:\\backend_ledger\\node_modules\\router\\lib\\route.js:117:3)\n    at handle (D:\\backend_ledger\\node_modules\\router\\index.js:435:11)\n    at Layer.handleRequest (D:\\backend_ledger\\node_modules\\router\\lib\\layer.js:152:17)\n    at D:\\backend_ledger\\node_modules\\router\\index.js:295:15\n    at processParams (D:\\backend_ledger\\node_modules\\router\\index.js:582:12)\n    at next (D:\\backend_ledger\\node_modules\\router\\index.js:291:5)\n    at Function.handle (D:\\backend_ledger\\node_modules\\router\\index.js:186:3)","timestamp":"2026-05-04T12:01:59.028Z"}
{"level":"info","message":{"duration":"3ms","method":"POST","status":401,"url":"/api/account"},"timestamp":"2026-05-04T12:01:59.030Z"}
{"code":"UNAUTHORIZED","level":"error","message":"Authentication Required","method":"GET","path":"/api/account","stack":"Error: Authentication Required\n    at authMiddleware (D:\\backend_ledger\\src\\middlewares\\auth.middleware.js:11:19)\n    at Layer.handleRequest (D:\\backend_ledger\\node_modules\\router\\lib\\layer.js:152:17)\n    at next (D:\\backend_ledger\\node_modules\\router\\lib\\route.js:157:13)\n    at Route.dispatch (D:\\backend_ledger\\node_modules\\router\\lib\\route.js:117:3)\n    at handle (D:\\backend_ledger\\node_modules\\router\\index.js:435:11)\n    at Layer.handleRequest (D:\\backend_ledger\\node_modules\\router\\lib\\layer.js:152:17)\n    at D:\\backend_ledger\\node_modules\\router\\index.js:295:15\n    at processParams (D:\\backend_ledger\\node_modules\\router\\index.js:582:12)\n    at next (D:\\backend_ledger\\node_modules\\router\\index.js:291:5)\n    at Function.handle (D:\\backend_ledger\\node_modules\\router\\index.js:186:3)","timestamp":"2026-05-04T12:03:02.228Z"}
{"level":"info","message":{"duration":"2ms","method":"GET","status":401,"url":"/api/account"},"timestamp":"2026-05-04T12:03:02.230Z"}
{"host":"ac-svvaol3-shard-00-02.emzjbxs.mongodb.net","level":"info","message":"MongoDB connected","timestamp":"2026-05-07T04:43:48.700Z"}
{"level":"info","message":{"duration":"259ms","method":"POST","status":200,"url":"/api/auth/register"},"timestamp":"2026-05-07T04:45:00.744Z"}
{"host":"ac-svvaol3-shard-00-00.emzjbxs.mongodb.net","level":"info","message":"MongoDB connected","timestamp":"2026-05-09T09:54:25.638Z"}
{"host":"ac-svvaol3-shard-00-02.emzjbxs.mongodb.net","level":"info","message":"MongoDB connected","timestamp":"2026-05-10T05:38:34.918Z"}
{"level":"info","message":{"duration":"211ms","method":"POST","status":200,"url":"/api/auth/login"},"timestamp":"2026-05-10T05:48:03.091Z"}
{"level":"info","message":{"duration":"152ms","method":"POST","status":200,"url":"/api/auth/login"},"timestamp":"2026-05-10T05:50:17.722Z"}
{"level":"info","message":{"duration":"172ms","method":"POST","status":200,"url":"/api/account/"},"timestamp":"2026-05-10T05:52:05.852Z"}
{"level":"info","message":{"duration":"149ms","method":"POST","status":200,"url":"/api/account/"},"timestamp":"2026-05-10T05:55:35.177Z"}
{"host":"ac-svvaol3-shard-00-02.emzjbxs.mongodb.net","level":"info","message":"MongoDB connected","timestamp":"2026-05-11T04:25:50.589Z"}
{"level":"info","message":{"duration":"191ms","method":"POST","status":200,"url":"/api/auth/login"},"timestamp":"2026-05-11T04:27:16.110Z"}
{"level":"info","message":{"duration":"166ms","method":"POST","status":200,"url":"/api/account/"},"timestamp":"2026-05-11T04:27:46.125Z"}
{"level":"info","message":{"duration":"148ms","method":"POST","status":200,"url":"/api/auth/login"},"timestamp":"2026-05-11T04:29:34.415Z"}
{"level":"info","message":{"duration":"126ms","method":"POST","status":200,"url":"/api/account"},"timestamp":"2026-05-11T04:29:54.559Z"}
{"level":"info","message":{"duration":"3ms","method":"POST","status":404,"url":"/api/transactions/initial-funds"},"timestamp":"2026-05-11T04:39:14.693Z"}
{"code":"FORBIDDEN","level":"error","message":"Forbidden Access","method":"POST","path":"/api/transactions/system/initial-funds","stack":"Error: Forbidden Access\n    at authSystemUserMiddleware (D:\\backend_ledger\\src\\middlewares\\auth.middleware.js:51:19)\n    at process.processTicksAndRejections (node:internal/process/task_queues:105:5)","timestamp":"2026-05-11T04:39:41.042Z"}
{"level":"info","message":{"duration":"61ms","method":"POST","status":403,"url":"/api/transactions/system/initial-funds"},"timestamp":"2026-05-11T04:39:41.044Z"}
{"level":"info","message":{"duration":"154ms","method":"POST","status":200,"url":"/api/auth/login"},"timestamp":"2026-05-11T04:40:47.166Z"}
{"level":"info","message":{"duration":"115ms","method":"POST","status":200,"url":"/api/account/"},"timestamp":"2026-05-11T04:41:44.127Z"}
{"code":"NOT_FOUND","level":"error","message":"System Account Not Found","method":"POST","path":"/api/transactions/system/initial-funds","stack":"Error: System Account Not Found\n    at Object.initialFundsTransfer (D:\\backend_ledger\\src\\services\\transaction.service.js:147:15)\n    at process.processTicksAndRejections (node:internal/process/task_queues:105:5)\n    at async initialFundsTransfer (D:\\backend_ledger\\src\\controllers\\transaction.controller.js:26:27)","timestamp":"2026-05-11T04:42:47.258Z"}
{"level":"info","message":{"duration":"136ms","method":"POST","status":404,"url":"/api/transactions/system/initial-funds"},"timestamp":"2026-05-11T04:42:47.259Z"}
{"code":"NOT_FOUND","level":"error","message":"System Account Not Found","method":"POST","path":"/api/transactions/system/initial-funds","stack":"Error: System Account Not Found\n    at Object.initialFundsTransfer (D:\\backend_ledger\\src\\services\\transaction.service.js:147:15)\n    at process.processTicksAndRejections (node:internal/process/task_queues:105:5)\n    at async initialFundsTransfer (D:\\backend_ledger\\src\\controllers\\transaction.controller.js:26:27)","timestamp":"2026-05-11T04:43:40.255Z"}
{"level":"info","message":{"duration":"4694ms","method":"POST","status":404,"url":"/api/transactions/system/initial-funds"},"timestamp":"2026-05-11T04:43:40.256Z"}
{"level":"info","message":{"duration":"155ms","method":"POST","status":200,"url":"/api/auth/login"},"timestamp":"2026-05-11T04:57:22.396Z"}
{"level":"info","message":{"duration":"156ms","method":"POST","status":200,"url":"/api/account/"},"timestamp":"2026-05-11T04:59:58.565Z"}
{"level":"info","message":{"duration":"188ms","method":"POST","status":200,"url":"/api/auth/login"},"timestamp":"2026-05-11T05:02:25.820Z"}
{"level":"info","message":{"duration":"134ms","method":"POST","status":200,"url":"/api/account/"},"timestamp":"2026-05-11T05:04:35.406Z"}
{"level":"error","message":"Cannot destructure property 'name' of 'undefined' as it is undefined.","method":"POST","path":"/api/auth/register","stack":"TypeError: Cannot destructure property 'name' of 'undefined' as it is undefined.\n    at Object.register (D:\\backend_ledger\\src\\services\\auth.service.js:15:23)\n    at register (D:\\backend_ledger\\src\\controllers\\auth.controller.js:5:40)\n    at Layer.handleRequest (D:\\backend_ledger\\node_modules\\router\\lib\\layer.js:152:17)\n    at next (D:\\backend_ledger\\node_modules\\router\\lib\\route.js:157:13)\n    at D:\\backend_ledger\\src\\middlewares\\validate.js:22:9\n    at Layer.handleRequest (D:\\backend_ledger\\node_modules\\router\\lib\\layer.js:152:17)\n    at next (D:\\backend_ledger\\node_modules\\router\\lib\\route.js:157:13)\n    at Route.dispatch (D:\\backend_ledger\\node_modules\\router\\lib\\route.js:117:3)\n    at handle (D:\\backend_ledger\\node_modules\\router\\index.js:435:11)\n    at Layer.handleRequest (D:\\backend_ledger\\node_modules\\router\\lib\\layer.js:152:17)","timestamp":"2026-05-11T05:09:28.265Z"}
{"level":"info","message":{"duration":"4ms","method":"POST","status":500,"url":"/api/auth/register"},"timestamp":"2026-05-11T05:09:28.266Z"}
{"level":"error","message":"Cannot destructure property 'name' of 'undefined' as it is undefined.","method":"POST","path":"/api/auth/register","stack":"TypeError: Cannot destructure property 'name' of 'undefined' as it is undefined.\n    at Object.register (D:\\backend_ledger\\src\\services\\auth.service.js:15:23)\n    at register (D:\\backend_ledger\\src\\controllers\\auth.controller.js:5:40)\n    at Layer.handleRequest (D:\\backend_ledger\\node_modules\\router\\lib\\layer.js:152:17)\n    at next (D:\\backend_ledger\\node_modules\\router\\lib\\route.js:157:13)\n    at D:\\backend_ledger\\src\\middlewares\\validate.js:22:9\n    at Layer.handleRequest (D:\\backend_ledger\\node_modules\\router\\lib\\layer.js:152:17)\n    at next (D:\\backend_ledger\\node_modules\\router\\lib\\route.js:157:13)\n    at Route.dispatch (D:\\backend_ledger\\node_modules\\router\\lib\\route.js:117:3)\n    at handle (D:\\backend_ledger\\node_modules\\router\\index.js:435:11)\n    at Layer.handleRequest (D:\\backend_ledger\\node_modules\\router\\lib\\layer.js:152:17)","timestamp":"2026-05-11T05:09:41.597Z"}
{"level":"info","message":{"duration":"2ms","method":"POST","status":500,"url":"/api/auth/register"},"timestamp":"2026-05-11T05:09:41.598Z"}
{"level":"error","message":"Cannot destructure property 'name' of 'undefined' as it is undefined.","method":"POST","path":"/api/auth/register","stack":"TypeError: Cannot destructure property 'name' of 'undefined' as it is undefined.\n    at Object.register (D:\\backend_ledger\\src\\services\\auth.service.js:15:23)\n    at register (D:\\backend_ledger\\src\\controllers\\auth.controller.js:5:40)\n    at Layer.handleRequest (D:\\backend_ledger\\node_modules\\router\\lib\\layer.js:152:17)\n    at next (D:\\backend_ledger\\node_modules\\router\\lib\\route.js:157:13)\n    at D:\\backend_ledger\\src\\middlewares\\validate.js:22:9\n    at Layer.handleRequest (D:\\backend_ledger\\node_modules\\router\\lib\\layer.js:152:17)\n    at next (D:\\backend_ledger\\node_modules\\router\\lib\\route.js:157:13)\n    at Route.dispatch (D:\\backend_ledger\\node_modules\\router\\lib\\route.js:117:3)\n    at handle (D:\\backend_ledger\\node_modules\\router\\index.js:435:11)\n    at Layer.handleRequest (D:\\backend_ledger\\node_modules\\router\\lib\\layer.js:152:17)","timestamp":"2026-05-11T05:10:23.090Z"}
{"level":"info","message":{"duration":"2ms","method":"POST","status":500,"url":"/api/auth/register"},"timestamp":"2026-05-11T05:10:23.091Z"}
{"level":"error","message":"Cannot destructure property 'name' of 'undefined' as it is undefined.","method":"POST","path":"/api/auth/register","stack":"TypeError: Cannot destructure property 'name' of 'undefined' as it is undefined.\n    at Object.register (D:\\backend_ledger\\src\\services\\auth.service.js:15:23)\n    at register (D:\\backend_ledger\\src\\controllers\\auth.controller.js:5:40)\n    at Layer.handleRequest (D:\\backend_ledger\\node_modules\\router\\lib\\layer.js:152:17)\n    at next (D:\\backend_ledger\\node_modules\\router\\lib\\route.js:157:13)\n    at D:\\backend_ledger\\src\\middlewares\\validate.js:22:9\n    at Layer.handleRequest (D:\\backend_ledger\\node_modules\\router\\lib\\layer.js:152:17)\n    at next (D:\\backend_ledger\\node_modules\\router\\lib\\route.js:157:13)\n    at Route.dispatch (D:\\backend_ledger\\node_modules\\router\\lib\\route.js:117:3)\n    at handle (D:\\backend_ledger\\node_modules\\router\\index.js:435:11)\n    at Layer.handleRequest (D:\\backend_ledger\\node_modules\\router\\lib\\layer.js:152:17)","timestamp":"2026-05-11T05:17:48.345Z"}
{"level":"info","message":{"duration":"2ms","method":"POST","status":500,"url":"/api/auth/register"},"timestamp":"2026-05-11T05:17:48.346Z"}
{"level":"info","message":{"duration":"216ms","method":"POST","status":200,"url":"/api/auth/register"},"timestamp":"2026-05-11T05:18:29.939Z"}
{"level":"info","message":{"duration":"143ms","method":"POST","status":200,"url":"/api/auth/login"},"timestamp":"2026-05-11T05:20:16.729Z"}
{"level":"info","message":{"duration":"155ms","method":"POST","status":200,"url":"/api/account/"},"timestamp":"2026-05-11T05:21:16.250Z"}
{"level":"info","message":{"duration":"143ms","method":"POST","status":200,"url":"/api/auth/login"},"timestamp":"2026-05-11T05:24:32.728Z"}
{"code":"NOT_FOUND","level":"error","message":"System Account Not Found","method":"POST","path":"/api/transactions/system/initial-funds","stack":"Error: System Account Not Found\n    at Object.initialFundsTransfer (D:\\backend_ledger\\src\\services\\transaction.service.js:147:15)\n    at process.processTicksAndRejections (node:internal/process/task_queues:105:5)\n    at async initialFundsTransfer (D:\\backend_ledger\\src\\controllers\\transaction.controller.js:26:27)","timestamp":"2026-05-11T05:38:08.246Z"}
{"level":"info","message":{"duration":"126ms","method":"POST","status":404,"url":"/api/transactions/system/initial-funds"},"timestamp":"2026-05-11T05:38:08.248Z"}
{"level":"info","message":{"duration":"139ms","method":"POST","status":200,"url":"/api/auth/login"},"timestamp":"2026-05-11T05:40:06.181Z"}
{"code":"NOT_FOUND","level":"error","message":"System Account Not Found","method":"POST","path":"/api/transactions/system/initial-funds","stack":"Error: System Account Not Found\n    at Object.initialFundsTransfer (D:\\backend_ledger\\src\\services\\transaction.service.js:147:15)\n    at process.processTicksAndRejections (node:internal/process/task_queues:105:5)\n    at async initialFundsTransfer (D:\\backend_ledger\\src\\controllers\\transaction.controller.js:26:27)","timestamp":"2026-05-11T05:40:49.100Z"}
{"level":"info","message":{"duration":"246ms","method":"POST","status":404,"url":"/api/transactions/system/initial-funds"},"timestamp":"2026-05-11T05:40:49.101Z"}
{"level":"info","message":{"duration":"146ms","method":"POST","status":200,"url":"/api/account/"},"timestamp":"2026-05-11T05:42:56.241Z"}
{"level":"info","message":{"duration":"144ms","method":"POST","status":200,"url":"/api/auth/login"},"timestamp":"2026-05-11T05:44:11.269Z"}
{"level":"info","message":{"duration":"125ms","method":"POST","status":200,"url":"/api/account/"},"timestamp":"2026-05-11T05:44:38.026Z"}
{"level":"info","message":{"duration":"144ms","method":"POST","status":200,"url":"/api/auth/login"},"timestamp":"2026-05-11T05:44:54.310Z"}
{"level":"info","message":{"duration":"164ms","method":"POST","status":200,"url":"/api/account/"},"timestamp":"2026-05-11T05:45:06.195Z"}
{"level":"info","message":{"duration":"144ms","method":"POST","status":200,"url":"/api/auth/login"},"timestamp":"2026-05-11T05:45:56.655Z"}
{"code":"NOT_FOUND","level":"error","message":"System Account Not Found","method":"POST","path":"/api/transactions/system/initial-funds","stack":"Error: System Account Not Found\n    at Object.initialFundsTransfer (D:\\backend_ledger\\src\\services\\transaction.service.js:147:15)\n    at process.processTicksAndRejections (node:internal/process/task_queues:105:5)\n    at async initialFundsTransfer (D:\\backend_ledger\\src\\controllers\\transaction.controller.js:26:27)","timestamp":"2026-05-11T05:47:03.703Z"}
{"level":"info","message":{"duration":"122ms","method":"POST","status":404,"url":"/api/transactions/system/initial-funds"},"timestamp":"2026-05-11T05:47:03.703Z"}
{"host":"ac-svvaol3-shard-00-01.emzjbxs.mongodb.net","level":"info","message":"MongoDB connected","timestamp":"2026-05-11T05:50:56.155Z"}
{"host":"ac-svvaol3-shard-00-00.emzjbxs.mongodb.net","level":"info","message":"MongoDB connected","timestamp":"2026-05-11T05:51:00.527Z"}
{"host":"ac-svvaol3-shard-00-00.emzjbxs.mongodb.net","level":"info","message":"MongoDB connected","timestamp":"2026-05-11T05:51:04.939Z"}
{"code":"NOT_FOUND","level":"error","message":"System Account Not Found","method":"POST","path":"/api/transactions/system/initial-funds","stack":"Error: System Account Not Found\n    at Object.initialFundsTransfer (D:\\backend_ledger\\src\\services\\transaction.service.js:147:15)\n    at process.processTicksAndRejections (node:internal/process/task_queues:105:5)\n    at async initialFundsTransfer (D:\\backend_ledger\\src\\controllers\\transaction.controller.js:26:27)","timestamp":"2026-05-11T05:52:07.033Z"}
{"level":"info","message":{"duration":"152ms","method":"POST","status":404,"url":"/api/transactions/system/initial-funds"},"timestamp":"2026-05-11T05:52:07.039Z"}
{"host":"ac-svvaol3-shard-00-02.emzjbxs.mongodb.net","level":"info","message":"MongoDB connected","timestamp":"2026-05-11T05:56:21.803Z"}
{"host":"ac-svvaol3-shard-00-02.emzjbxs.mongodb.net","level":"info","message":"MongoDB connected","timestamp":"2026-05-11T05:56:32.460Z"}
{"host":"ac-svvaol3-shard-00-02.emzjbxs.mongodb.net","level":"info","message":"MongoDB connected","timestamp":"2026-05-11T05:56:38.109Z"}
{"code":"NOT_FOUND","level":"error","message":"System Account Not Found","method":"POST","path":"/api/transactions/system/initial-funds","stack":"Error: System Account Not Found\n    at Object.initialFundsTransfer (D:\\backend_ledger\\src\\services\\transaction.service.js:149:15)\n    at process.processTicksAndRejections (node:internal/process/task_queues:105:5)\n    at async initialFundsTransfer (D:\\backend_ledger\\src\\controllers\\transaction.controller.js:26:27)","timestamp":"2026-05-11T05:56:57.779Z"}
{"level":"info","message":{"duration":"165ms","method":"POST","status":404,"url":"/api/transactions/system/initial-funds"},"timestamp":"2026-05-11T05:56:57.783Z"}
{"host":"ac-svvaol3-shard-00-00.emzjbxs.mongodb.net","level":"info","message":"MongoDB connected","timestamp":"2026-05-11T05:58:56.466Z"}
{"host":"ac-svvaol3-shard-00-00.emzjbxs.mongodb.net","level":"info","message":"MongoDB connected","timestamp":"2026-05-11T05:59:16.563Z"}
{"code":"NOT_FOUND","level":"error","message":"System Account Not Found","method":"POST","path":"/api/transactions/system/initial-funds","stack":"Error: System Account Not Found\n    at Object.initialFundsTransfer (D:\\backend_ledger\\src\\services\\transaction.service.js:149:15)\n    at process.processTicksAndRejections (node:internal/process/task_queues:105:5)\n    at async initialFundsTransfer (D:\\backend_ledger\\src\\controllers\\transaction.controller.js:26:27)","timestamp":"2026-05-11T05:59:26.072Z"}
{"level":"info","message":{"duration":"145ms","method":"POST","status":404,"url":"/api/transactions/system/initial-funds"},"timestamp":"2026-05-11T05:59:26.076Z"}
{"host":"ac-svvaol3-shard-00-02.emzjbxs.mongodb.net","level":"info","message":"MongoDB connected","timestamp":"2026-05-11T06:00:23.640Z"}
{"host":"ac-svvaol3-shard-00-00.emzjbxs.mongodb.net","level":"info","message":"MongoDB connected","timestamp":"2026-05-11T06:01:38.455Z"}
{"host":"ac-svvaol3-shard-00-01.emzjbxs.mongodb.net","level":"info","message":"MongoDB connected","timestamp":"2026-05-11T06:01:43.326Z"}
{"host":"ac-svvaol3-shard-00-02.emzjbxs.mongodb.net","level":"info","message":"MongoDB connected","timestamp":"2026-05-11T06:02:15.445Z"}
{"code":"BAD_REQUEST","level":"error","message":"Insufficient system balance","method":"POST","path":"/api/transactions/system/initial-funds","stack":"Error: Insufficient system balance\n    at Object.initialFundsTransfer (D:\\backend_ledger\\src\\services\\transaction.service.js:179:15)\n    at process.processTicksAndRejections (node:internal/process/task_queues:105:5)\n    at async initialFundsTransfer (D:\\backend_ledger\\src\\controllers\\transaction.controller.js:26:27)","timestamp":"2026-05-11T06:02:21.327Z"}
{"level":"info","message":{"duration":"373ms","method":"POST","status":400,"url":"/api/transactions/system/initial-funds"},"timestamp":"2026-05-11T06:02:21.331Z"}
{"host":"ac-svvaol3-shard-00-02.emzjbxs.mongodb.net","level":"info","message":"MongoDB connected","timestamp":"2026-05-11T06:05:14.736Z"}
{"host":"ac-svvaol3-shard-00-01.emzjbxs.mongodb.net","level":"info","message":"MongoDB connected","timestamp":"2026-05-11T06:05:22.840Z"}
{"code":"BAD_REQUEST","level":"error","message":"Insufficient system balance","method":"POST","path":"/api/transactions/system/initial-funds","stack":"Error: Insufficient system balance\n    at Object.initialFundsTransfer (D:\\backend_ledger\\src\\services\\transaction.service.js:179:15)\n    at process.processTicksAndRejections (node:internal/process/task_queues:105:5)\n    at async initialFundsTransfer (D:\\backend_ledger\\src\\controllers\\transaction.controller.js:26:27)","timestamp":"2026-05-11T06:05:46.652Z"}
{"level":"info","message":{"duration":"276ms","method":"POST","status":400,"url":"/api/transactions/system/initial-funds"},"timestamp":"2026-05-11T06:05:46.656Z"}
{"level":"info","message":{"duration":"162ms","method":"POST","status":200,"url":"/api/auth/login"},"timestamp":"2026-05-11T06:37:11.080Z"}
{"code":"BAD_REQUEST","level":"error","message":"Insufficient system balance","method":"POST","path":"/api/transactions/system/initial-funds","stack":"Error: Insufficient system balance\n    at Object.initialFundsTransfer (D:\\backend_ledger\\src\\services\\transaction.service.js:179:15)\n    at process.processTicksAndRejections (node:internal/process/task_queues:105:5)\n    at async initialFundsTransfer (D:\\backend_ledger\\src\\controllers\\transaction.controller.js:26:27)","timestamp":"2026-05-11T06:43:16.540Z"}
{"level":"info","message":{"duration":"467ms","method":"POST","status":400,"url":"/api/transactions/system/initial-funds"},"timestamp":"2026-05-11T06:43:16.541Z"}
{"host":"ac-svvaol3-shard-00-00.emzjbxs.mongodb.net","level":"info","message":"MongoDB connected","timestamp":"2026-05-11T06:56:50.629Z"}
{"code":"BAD_REQUEST","level":"error","message":"Insufficient system balance","method":"POST","path":"/api/transactions/system/initial-funds","stack":"Error: Insufficient system balance\n    at Object.initialFundsTransfer (D:\\backend_ledger\\src\\services\\transaction.service.js:180:15)\n    at process.processTicksAndRejections (node:internal/process/task_queues:105:5)\n    at async initialFundsTransfer (D:\\backend_ledger\\src\\controllers\\transaction.controller.js:26:27)","timestamp":"2026-05-11T06:56:58.881Z"}
{"level":"info","message":{"duration":"339ms","method":"POST","status":400,"url":"/api/transactions/system/initial-funds"},"timestamp":"2026-05-11T06:56:58.885Z"}
{"host":"ac-svvaol3-shard-00-00.emzjbxs.mongodb.net","level":"info","message":"MongoDB connected","timestamp":"2026-05-11T06:58:22.304Z"}
{"host":"ac-svvaol3-shard-00-02.emzjbxs.mongodb.net","level":"info","message":"MongoDB connected","timestamp":"2026-05-11T06:58:34.146Z"}
{"code":"BAD_REQUEST","level":"error","message":"Insufficient system balance","method":"POST","path":"/api/transactions/system/initial-funds","stack":"Error: Insufficient system balance\n    at Object.initialFundsTransfer (D:\\backend_ledger\\src\\services\\transaction.service.js:182:15)\n    at process.processTicksAndRejections (node:internal/process/task_queues:105:5)\n    at async initialFundsTransfer (D:\\backend_ledger\\src\\controllers\\transaction.controller.js:26:27)","timestamp":"2026-05-11T06:58:40.918Z"}
{"level":"info","message":{"duration":"337ms","method":"POST","status":400,"url":"/api/transactions/system/initial-funds"},"timestamp":"2026-05-11T06:58:40.922Z"}
{"host":"ac-svvaol3-shard-00-00.emzjbxs.mongodb.net","level":"info","message":"MongoDB connected","timestamp":"2026-05-11T07:01:15.104Z"}
{"code":"BAD_REQUEST","level":"error","message":"Insufficient system balance","method":"POST","path":"/api/transactions/system/initial-funds","stack":"Error: Insufficient system balance\n    at Object.initialFundsTransfer (D:\\backend_ledger\\src\\services\\transaction.service.js:183:15)\n    at process.processTicksAndRejections (node:internal/process/task_queues:105:5)\n    at async initialFundsTransfer (D:\\backend_ledger\\src\\controllers\\transaction.controller.js:26:27)","timestamp":"2026-05-11T07:01:17.048Z"}
{"level":"info","message":{"duration":"342ms","method":"POST","status":400,"url":"/api/transactions/system/initial-funds"},"timestamp":"2026-05-11T07:01:17.051Z"}
{"level":"error","message":"next is not a function","method":"POST","path":"/api/transactions/system/initial-funds","stack":"TypeError: next is not a function\n    at model.<anonymous> (D:\\backend_ledger\\src\\models\\ledger.model.js:48:3)\n    at Kareem.execPre (D:\\backend_ledger\\node_modules\\kareem\\index.js:59:39)\n    at process.processTicksAndRejections (node:internal/process/task_queues:105:5)","timestamp":"2026-05-11T07:05:22.253Z"}
{"level":"info","message":{"duration":"466ms","method":"POST","status":500,"url":"/api/transactions/system/initial-funds"},"timestamp":"2026-05-11T07:05:22.255Z"}
{"host":"ac-svvaol3-shard-00-00.emzjbxs.mongodb.net","level":"info","message":"MongoDB connected","timestamp":"2026-05-11T07:05:47.502Z"}
{"host":"ac-svvaol3-shard-00-01.emzjbxs.mongodb.net","level":"info","message":"MongoDB connected","timestamp":"2026-05-11T07:05:59.101Z"}
{"host":"ac-svvaol3-shard-00-02.emzjbxs.mongodb.net","level":"info","message":"MongoDB connected","timestamp":"2026-05-11T07:06:07.073Z"}
{"host":"ac-svvaol3-shard-00-01.emzjbxs.mongodb.net","level":"info","message":"MongoDB connected","timestamp":"2026-05-11T07:06:10.187Z"}
{"host":"ac-svvaol3-shard-00-02.emzjbxs.mongodb.net","level":"info","message":"MongoDB connected","timestamp":"2026-05-11T07:10:53.494Z"}
{"host":"ac-svvaol3-shard-00-00.emzjbxs.mongodb.net","level":"info","message":"MongoDB connected","timestamp":"2026-05-11T07:16:00.747Z"}
{"level":"error","message":"next is not a function","method":"POST","path":"/api/transactions/system/initial-funds","stack":"TypeError: next is not a function\n    at model.<anonymous> (D:\\backend_ledger\\src\\models\\ledger.model.js:48:3)\n    at Kareem.execPre (D:\\backend_ledger\\node_modules\\kareem\\index.js:59:39)\n    at process.processTicksAndRejections (node:internal/process/task_queues:105:5)","timestamp":"2026-05-11T07:16:18.915Z"}
{"level":"info","message":{"duration":"524ms","method":"POST","status":500,"url":"/api/transactions/system/initial-funds"},"timestamp":"2026-05-11T07:16:18.918Z"}
{"host":"ac-svvaol3-shard-00-01.emzjbxs.mongodb.net","level":"info","message":"MongoDB connected","timestamp":"2026-05-11T07:18:03.417Z"}
{"host":"ac-svvaol3-shard-00-01.emzjbxs.mongodb.net","level":"info","message":"MongoDB connected","timestamp":"2026-05-11T07:18:08.845Z"}
{"host":"ac-svvaol3-shard-00-00.emzjbxs.mongodb.net","level":"info","message":"MongoDB connected","timestamp":"2026-05-11T07:18:11.186Z"}
{"host":"ac-svvaol3-shard-00-02.emzjbxs.mongodb.net","level":"info","message":"MongoDB connected","timestamp":"2026-05-11T07:18:13.224Z"}
{"host":"ac-svvaol3-shard-00-01.emzjbxs.mongodb.net","level":"info","message":"MongoDB connected","timestamp":"2026-05-11T07:18:16.559Z"}
{"level":"error","message":"next is not a function","method":"POST","path":"/api/transactions/system/initial-funds","stack":"TypeError: next is not a function\n    at model.<anonymous> (D:\\backend_ledger\\src\\models\\ledger.model.js:50:3)\n    at Kareem.execPre (D:\\backend_ledger\\node_modules\\kareem\\index.js:59:39)\n    at process.processTicksAndRejections (node:internal/process/task_queues:105:5)","timestamp":"2026-05-11T07:18:28.022Z"}
{"level":"info","message":{"duration":"560ms","method":"POST","status":500,"url":"/api/transactions/system/initial-funds"},"timestamp":"2026-05-11T07:18:28.026Z"}
{"host":"ac-svvaol3-shard-00-02.emzjbxs.mongodb.net","level":"info","message":"MongoDB connected","timestamp":"2026-05-11T07:27:44.775Z"}
{"level":"error","message":"next is not a function","method":"POST","path":"/api/transactions/system/initial-funds","stack":"TypeError: next is not a function\n    at model.<anonymous> (D:\\backend_ledger\\src\\models\\ledger.model.js:50:3)\n    at Kareem.execPre (D:\\backend_ledger\\node_modules\\kareem\\index.js:59:39)\n    at process.processTicksAndRejections (node:internal/process/task_queues:105:5)","timestamp":"2026-05-11T07:27:50.257Z"}
{"level":"info","message":{"duration":"433ms","method":"POST","status":500,"url":"/api/transactions/system/initial-funds"},"timestamp":"2026-05-11T07:27:50.260Z"}
{"host":"ac-svvaol3-shard-00-01.emzjbxs.mongodb.net","level":"info","message":"MongoDB connected","timestamp":"2026-05-11T07:29:13.025Z"}
{"level":"info","message":{"duration":"782ms","method":"POST","status":200,"url":"/api/transactions/system/initial-funds"},"timestamp":"2026-05-11T07:29:22.796Z"}
{"host":"ac-svvaol3-shard-00-01.emzjbxs.mongodb.net","level":"info","message":"MongoDB connected","timestamp":"2026-05-11T07:29:35.558Z"}
{"host":"ac-svvaol3-shard-00-00.emzjbxs.mongodb.net","level":"info","message":"MongoDB connected","timestamp":"2026-05-11T07:29:40.860Z"}
{"code":"FORBIDDEN","level":"error","message":"Unauthorized account access","method":"POST","path":"/api/transactions/transfer","stack":"Error: Unauthorized account access\n    at Object.transfer (D:\\backend_ledger\\src\\services\\transaction.service.js:110:15)\n    at process.processTicksAndRejections (node:internal/process/task_queues:105:5)\n    at async transfer (D:\\backend_ledger\\src\\controllers\\transaction.controller.js:18:27)","timestamp":"2026-05-11T07:40:13.017Z"}
{"level":"info","message":{"duration":"244ms","method":"POST","status":403,"url":"/api/transactions/transfer"},"timestamp":"2026-05-11T07:40:13.023Z"}
{"level":"info","message":{"duration":"171ms","method":"POST","status":200,"url":"/api/auth/login"},"timestamp":"2026-05-11T07:40:57.677Z"}
{"level":"info","message":{"duration":"666ms","method":"POST","status":200,"url":"/api/transactions/transfer"},"timestamp":"2026-05-11T07:41:06.671Z"}
{"host":"ac-svvaol3-shard-00-01.emzjbxs.mongodb.net","level":"info","message":"MongoDB connected","timestamp":"2026-05-11T07:45:13.684Z"}
{"host":"ac-svvaol3-shard-00-00.emzjbxs.mongodb.net","level":"info","message":"MongoDB connected","timestamp":"2026-05-11T07:46:02.744Z"}
{"host":"ac-svvaol3-shard-00-01.emzjbxs.mongodb.net","level":"info","message":"MongoDB connected","timestamp":"2026-05-11T07:47:27.054Z"}
{"host":"ac-svvaol3-shard-00-02.emzjbxs.mongodb.net","level":"info","message":"MongoDB connected","timestamp":"2026-05-11T07:47:34.811Z"}
{"code":"FORBIDDEN","level":"error","message":"Forbidden Access","method":"POST","path":"/api/transactions/system/initial-funds","stack":"Error: Forbidden Access\n    at authSystemUserMiddleware (D:\\backend_ledger\\src\\middlewares\\auth.middleware.js:56:11)\n    at process.processTicksAndRejections (node:internal/process/task_queues:105:5)","timestamp":"2026-05-11T07:48:20.186Z"}
{"level":"info","message":{"duration":"87ms","method":"POST","status":403,"url":"/api/transactions/system/initial-funds"},"timestamp":"2026-05-11T07:48:20.191Z"}
{"level":"info","message":{"duration":"171ms","method":"POST","status":200,"url":"/api/auth/login"},"timestamp":"2026-05-11T07:48:35.520Z"}
{"code":"CONFLICT","level":"error","message":"Duplicate Transaction Request","method":"POST","path":"/api/transactions/system/initial-funds","stack":"Error: Duplicate Transaction Request\n    at Object.initialFundsTransfer (D:\\backend_ledger\\src\\services\\transaction.service.js:176:15)\n    at process.processTicksAndRejections (node:internal/process/task_queues:105:5)\n    at async initialFundsTransfer (D:\\backend_ledger\\src\\controllers\\transaction.controller.js:26:27)","timestamp":"2026-05-11T07:48:46.592Z"}
{"level":"info","message":{"duration":"209ms","method":"POST","status":409,"url":"/api/transactions/system/initial-funds"},"timestamp":"2026-05-11T07:48:46.593Z"}
{"level":"info","message":{"duration":"838ms","method":"POST","status":200,"url":"/api/transactions/system/initial-funds"},"timestamp":"2026-05-11T07:49:01.656Z"}
{"level":"info","message":{"duration":"150ms","method":"POST","status":200,"url":"/api/auth/login"},"timestamp":"2026-05-11T07:49:21.283Z"}
{"level":"info","message":{"duration":"498ms","method":"POST","status":200,"url":"/api/transactions/transfer"},"timestamp":"2026-05-11T07:51:33.381Z"}
{"code":"CONFLICT","level":"error","message":"Duplicate Transaction Request","method":"POST","path":"/api/transactions/transfer","stack":"Error: Duplicate Transaction Request\n    at Object.transfer (D:\\backend_ledger\\src\\services\\transaction.service.js:123:15)\n    at process.processTicksAndRejections (node:internal/process/task_queues:105:5)\n    at async transfer (D:\\backend_ledger\\src\\controllers\\transaction.controller.js:18:27)","timestamp":"2026-05-11T07:52:59.649Z"}
{"level":"info","message":{"duration":"241ms","method":"POST","status":409,"url":"/api/transactions/transfer"},"timestamp":"2026-05-11T07:52:59.651Z"}
{"code":"BAD_REQUEST","level":"error","message":"Cannot Transfer to same account","method":"POST","path":"/api/transactions/transfer","stack":"Error: Cannot Transfer to same account\n    at Object.transfer (D:\\backend_ledger\\src\\services\\transaction.service.js:98:15)\n    at transfer (D:\\backend_ledger\\src\\controllers\\transaction.controller.js:18:52)\n    at Layer.handleRequest (D:\\backend_ledger\\node_modules\\router\\lib\\layer.js:152:17)\n    at next (D:\\backend_ledger\\node_modules\\router\\lib\\route.js:157:13)\n    at D:\\backend_ledger\\src\\middlewares\\validate.js:22:9\n    at Layer.handleRequest (D:\\backend_ledger\\node_modules\\router\\lib\\layer.js:152:17)\n    at next (D:\\backend_ledger\\node_modules\\router\\lib\\route.js:157:13)\n    at authMiddleware (D:\\backend_ledger\\src\\middlewares\\auth.middleware.js:29:16)\n    at process.processTicksAndRejections (node:internal/process/task_queues:105:5)","timestamp":"2026-05-11T07:56:03.370Z"}
{"level":"info","message":{"duration":"112ms","method":"POST","status":400,"url":"/api/transactions/transfer"},"timestamp":"2026-05-11T07:56:03.371Z"}
{"code":"BAD_REQUEST","level":"error","message":"Insufficient Balance","method":"POST","path":"/api/transactions/transfer","stack":"Error: Insufficient Balance\n    at Object.transfer (D:\\backend_ledger\\src\\services\\transaction.service.js:129:15)\n    at process.processTicksAndRejections (node:internal/process/task_queues:105:5)\n    at async transfer (D:\\backend_ledger\\src\\controllers\\transaction.controller.js:18:27)","timestamp":"2026-05-11T07:57:21.249Z"}
{"level":"info","message":{"duration":"243ms","method":"POST","status":400,"url":"/api/transactions/transfer"},"timestamp":"2026-05-11T07:57:21.251Z"}
{"host":"ac-svvaol3-shard-00-02.emzjbxs.mongodb.net","level":"info","message":"MongoDB connected","timestamp":"2026-05-11T08:02:25.788Z"}
{"host":"ac-svvaol3-shard-00-00.emzjbxs.mongodb.net","level":"info","message":"MongoDB connected","timestamp":"2026-05-12T05:15:27.498Z"}
{"code":"UNAUTHORIZED","level":"error","message":"Authentication Required","method":"GET","path":"/api/account","stack":"Error: Authentication Required\n    at authMiddleware (D:\\backend_ledger\\src\\middlewares\\auth.middleware.js:11:19)\n    at Layer.handleRequest (D:\\backend_ledger\\node_modules\\router\\lib\\layer.js:152:17)\n    at next (D:\\backend_ledger\\node_modules\\router\\lib\\route.js:157:13)\n    at Route.dispatch (D:\\backend_ledger\\node_modules\\router\\lib\\route.js:117:3)\n    at handle (D:\\backend_ledger\\node_modules\\router\\index.js:435:11)\n    at Layer.handleRequest (D:\\backend_ledger\\node_modules\\router\\lib\\layer.js:152:17)\n    at D:\\backend_ledger\\node_modules\\router\\index.js:295:15\n    at processParams (D:\\backend_ledger\\node_modules\\router\\index.js:582:12)\n    at next (D:\\backend_ledger\\node_modules\\router\\index.js:291:5)\n    at Function.handle (D:\\backend_ledger\\node_modules\\router\\index.js:186:3)","timestamp":"2026-05-12T05:15:46.050Z"}
{"level":"info","message":{"duration":"16ms","method":"GET","status":401,"url":"/api/account"},"timestamp":"2026-05-12T05:15:46.061Z"}
{"level":"info","message":{"duration":"309ms","method":"POST","status":200,"url":"/api/auth/login"},"timestamp":"2026-05-12T05:16:16.918Z"}
{"level":"info","message":{"duration":"117ms","method":"GET","status":200,"url":"/api/account"},"timestamp":"2026-05-12T05:16:27.235Z"}
{"host":"ac-svvaol3-shard-00-01.emzjbxs.mongodb.net","level":"info","message":"MongoDB connected","timestamp":"2026-05-12T05:19:54.526Z"}
{"host":"ac-svvaol3-shard-00-01.emzjbxs.mongodb.net","level":"info","message":"MongoDB connected","timestamp":"2026-05-13T05:19:11.008Z"}
{"level":"info","message":{"duration":"273ms","method":"POST","status":200,"url":"/api/auth/login"},"timestamp":"2026-05-13T05:19:12.049Z"}
{"level":"info","message":{"duration":"748ms","method":"POST","status":200,"url":"/api/transactions/transfer"},"timestamp":"2026-05-13T05:19:34.326Z"}
{"host":"ac-svvaol3-shard-00-02.emzjbxs.mongodb.net","level":"info","message":"MongoDB connected","timestamp":"2026-05-13T05:25:56.358Z"}
{"host":"ac-svvaol3-shard-00-01.emzjbxs.mongodb.net","level":"info","message":"MongoDB connected","timestamp":"2026-05-13T05:26:05.737Z"}
{"host":"ac-svvaol3-shard-00-01.emzjbxs.mongodb.net","level":"info","message":"MongoDB connected","timestamp":"2026-05-13T05:26:14.115Z"}
{"host":"ac-svvaol3-shard-00-01.emzjbxs.mongodb.net","level":"info","message":"MongoDB connected","timestamp":"2026-05-13T05:26:33.588Z"}
{"host":"ac-svvaol3-shard-00-02.emzjbxs.mongodb.net","level":"info","message":"MongoDB connected","timestamp":"2026-05-13T05:26:38.352Z"}
{"host":"ac-svvaol3-shard-00-01.emzjbxs.mongodb.net","level":"info","message":"MongoDB connected","timestamp":"2026-05-13T05:27:23.518Z"}
{"host":"ac-svvaol3-shard-00-01.emzjbxs.mongodb.net","level":"info","message":"MongoDB connected","timestamp":"2026-05-13T05:27:25.692Z"}
{"host":"ac-svvaol3-shard-00-01.emzjbxs.mongodb.net","level":"info","message":"MongoDB connected","timestamp":"2026-05-13T05:27:28.062Z"}
{"host":"ac-svvaol3-shard-00-02.emzjbxs.mongodb.net","level":"info","message":"MongoDB connected","timestamp":"2026-05-13T05:27:30.888Z"}
{"host":"ac-svvaol3-shard-00-00.emzjbxs.mongodb.net","level":"info","message":"MongoDB connected","timestamp":"2026-05-13T05:27:48.679Z"}
{"host":"ac-svvaol3-shard-00-00.emzjbxs.mongodb.net","level":"info","message":"MongoDB connected","timestamp":"2026-05-13T05:27:53.958Z"}
{"host":"ac-svvaol3-shard-00-01.emzjbxs.mongodb.net","level":"info","message":"MongoDB connected","timestamp":"2026-05-13T05:27:59.045Z"}
{"host":"ac-svvaol3-shard-00-00.emzjbxs.mongodb.net","level":"info","message":"MongoDB connected","timestamp":"2026-05-13T05:28:02.699Z"}
{"host":"ac-svvaol3-shard-00-01.emzjbxs.mongodb.net","level":"info","message":"MongoDB connected","timestamp":"2026-05-13T05:28:13.215Z"}
{"host":"ac-svvaol3-shard-00-00.emzjbxs.mongodb.net","level":"info","message":"MongoDB connected","timestamp":"2026-05-13T05:28:19.127Z"}
{"host":"ac-svvaol3-shard-00-01.emzjbxs.mongodb.net","level":"info","message":"MongoDB connected","timestamp":"2026-05-13T05:28:21.591Z"}
{"host":"ac-svvaol3-shard-00-01.emzjbxs.mongodb.net","level":"info","message":"MongoDB connected","timestamp":"2026-05-13T05:28:24.736Z"}
{"host":"ac-svvaol3-shard-00-02.emzjbxs.mongodb.net","level":"info","message":"MongoDB connected","timestamp":"2026-05-13T05:28:31.808Z"}
{"host":"ac-svvaol3-shard-00-00.emzjbxs.mongodb.net","level":"info","message":"MongoDB connected","timestamp":"2026-05-13T05:28:35.894Z"}
{"host":"ac-svvaol3-shard-00-01.emzjbxs.mongodb.net","level":"info","message":"MongoDB connected","timestamp":"2026-05-13T05:28:38.679Z"}
{"host":"ac-svvaol3-shard-00-02.emzjbxs.mongodb.net","level":"info","message":"MongoDB connected","timestamp":"2026-05-13T05:28:47.947Z"}
{"host":"ac-svvaol3-shard-00-02.emzjbxs.mongodb.net","level":"info","message":"MongoDB connected","timestamp":"2026-05-13T05:28:56.345Z"}
{"host":"ac-svvaol3-shard-00-01.emzjbxs.mongodb.net","level":"info","message":"MongoDB connected","timestamp":"2026-05-13T05:29:34.598Z"}
{"host":"ac-svvaol3-shard-00-02.emzjbxs.mongodb.net","level":"info","message":"MongoDB connected","timestamp":"2026-05-13T05:29:42.866Z"}
{"host":"ac-svvaol3-shard-00-02.emzjbxs.mongodb.net","level":"info","message":"MongoDB connected","timestamp":"2026-05-13T05:29:46.059Z"}
{"host":"ac-svvaol3-shard-00-01.emzjbxs.mongodb.net","level":"info","message":"MongoDB connected","timestamp":"2026-05-13T05:29:54.808Z"}
{"host":"ac-svvaol3-shard-00-00.emzjbxs.mongodb.net","level":"info","message":"MongoDB connected","timestamp":"2026-05-13T05:29:57.769Z"}
{"host":"ac-svvaol3-shard-00-00.emzjbxs.mongodb.net","level":"info","message":"MongoDB connected","timestamp":"2026-05-13T05:30:00.818Z"}
{"host":"ac-svvaol3-shard-00-01.emzjbxs.mongodb.net","level":"info","message":"MongoDB connected","timestamp":"2026-05-13T05:30:08.137Z"}
{"host":"ac-svvaol3-shard-00-01.emzjbxs.mongodb.net","level":"info","message":"MongoDB connected","timestamp":"2026-05-13T05:30:20.147Z"}
{"host":"ac-svvaol3-shard-00-00.emzjbxs.mongodb.net","level":"info","message":"MongoDB connected","timestamp":"2026-05-13T05:30:23.459Z"}
{"host":"ac-svvaol3-shard-00-01.emzjbxs.mongodb.net","level":"info","message":"MongoDB connected","timestamp":"2026-05-13T05:30:27.500Z"}
{"host":"ac-svvaol3-shard-00-01.emzjbxs.mongodb.net","level":"info","message":"MongoDB connected","timestamp":"2026-05-13T05:30:34.166Z"}
{"host":"ac-svvaol3-shard-00-02.emzjbxs.mongodb.net","level":"info","message":"MongoDB connected","timestamp":"2026-05-13T05:30:38.890Z"}
{"host":"ac-svvaol3-shard-00-00.emzjbxs.mongodb.net","level":"info","message":"MongoDB connected","timestamp":"2026-05-13T05:30:47.262Z"}
{"host":"ac-svvaol3-shard-00-01.emzjbxs.mongodb.net","level":"info","message":"MongoDB connected","timestamp":"2026-05-13T05:31:05.119Z"}
{"host":"ac-svvaol3-shard-00-00.emzjbxs.mongodb.net","level":"info","message":"MongoDB connected","timestamp":"2026-05-13T05:31:16.415Z"}
{"host":"ac-svvaol3-shard-00-01.emzjbxs.mongodb.net","level":"info","message":"MongoDB connected","timestamp":"2026-05-13T05:31:18.376Z"}
{"host":"ac-svvaol3-shard-00-00.emzjbxs.mongodb.net","level":"info","message":"MongoDB connected","timestamp":"2026-05-13T05:31:21.882Z"}
{"host":"ac-svvaol3-shard-00-02.emzjbxs.mongodb.net","level":"info","message":"MongoDB connected","timestamp":"2026-05-13T05:31:26.529Z"}
{"host":"ac-svvaol3-shard-00-02.emzjbxs.mongodb.net","level":"info","message":"MongoDB connected","timestamp":"2026-05-13T05:31:30.275Z"}
{"host":"ac-svvaol3-shard-00-01.emzjbxs.mongodb.net","level":"info","message":"MongoDB connected","timestamp":"2026-05-13T05:31:38.424Z"}
{"host":"ac-svvaol3-shard-00-01.emzjbxs.mongodb.net","level":"info","message":"MongoDB connected","timestamp":"2026-05-13T05:31:41.476Z"}
{"host":"ac-svvaol3-shard-00-02.emzjbxs.mongodb.net","level":"info","message":"MongoDB connected","timestamp":"2026-05-13T05:31:45.026Z"}
{"host":"ac-svvaol3-shard-00-02.emzjbxs.mongodb.net","level":"info","message":"MongoDB connected","timestamp":"2026-05-13T05:31:55.725Z"}
{"host":"ac-svvaol3-shard-00-00.emzjbxs.mongodb.net","level":"info","message":"MongoDB connected","timestamp":"2026-05-13T05:32:11.730Z"}
{"host":"ac-svvaol3-shard-00-01.emzjbxs.mongodb.net","level":"info","message":"MongoDB connected","timestamp":"2026-05-13T05:32:27.417Z"}
{"host":"ac-svvaol3-shard-00-00.emzjbxs.mongodb.net","level":"info","message":"MongoDB connected","timestamp":"2026-05-13T05:32:29.755Z"}
{"host":"ac-svvaol3-shard-00-01.emzjbxs.mongodb.net","level":"info","message":"MongoDB connected","timestamp":"2026-05-13T05:32:41.421Z"}
{"host":"ac-svvaol3-shard-00-02.emzjbxs.mongodb.net","level":"info","message":"MongoDB connected","timestamp":"2026-05-13T05:33:29.139Z"}
{"host":"ac-svvaol3-shard-00-01.emzjbxs.mongodb.net","level":"info","message":"MongoDB connected","timestamp":"2026-05-13T05:33:41.371Z"}
{"host":"ac-svvaol3-shard-00-01.emzjbxs.mongodb.net","level":"info","message":"MongoDB connected","timestamp":"2026-05-13T05:35:30.957Z"}
{"host":"ac-svvaol3-shard-00-01.emzjbxs.mongodb.net","level":"info","message":"MongoDB connected","timestamp":"2026-05-13T05:35:34.043Z"}
{"host":"ac-svvaol3-shard-00-02.emzjbxs.mongodb.net","level":"info","message":"MongoDB connected","timestamp":"2026-05-13T05:35:36.363Z"}
{"host":"ac-svvaol3-shard-00-00.emzjbxs.mongodb.net","level":"info","message":"MongoDB connected","timestamp":"2026-05-13T05:35:48.437Z"}
{"host":"ac-svvaol3-shard-00-00.emzjbxs.mongodb.net","level":"info","message":"MongoDB connected","timestamp":"2026-05-13T05:36:19.183Z"}
{"host":"ac-svvaol3-shard-00-01.emzjbxs.mongodb.net","level":"info","message":"MongoDB connected","timestamp":"2026-05-13T05:36:22.822Z"}
{"host":"ac-svvaol3-shard-00-00.emzjbxs.mongodb.net","level":"info","message":"MongoDB connected","timestamp":"2026-05-13T05:36:25.385Z"}
{"host":"ac-svvaol3-shard-00-00.emzjbxs.mongodb.net","level":"info","message":"MongoDB connected","timestamp":"2026-05-13T05:36:32.663Z"}
{"host":"ac-svvaol3-shard-00-01.emzjbxs.mongodb.net","level":"info","message":"MongoDB connected","timestamp":"2026-05-13T05:36:35.123Z"}
{"host":"ac-svvaol3-shard-00-02.emzjbxs.mongodb.net","level":"info","message":"MongoDB connected","timestamp":"2026-05-13T05:36:37.296Z"}
{"host":"ac-svvaol3-shard-00-01.emzjbxs.mongodb.net","level":"info","message":"MongoDB connected","timestamp":"2026-05-13T05:37:06.570Z"}
{"host":"ac-svvaol3-shard-00-02.emzjbxs.mongodb.net","level":"info","message":"MongoDB connected","timestamp":"2026-05-13T05:37:11.453Z"}
{"host":"ac-svvaol3-shard-00-02.emzjbxs.mongodb.net","level":"info","message":"MongoDB connected","timestamp":"2026-05-13T05:37:19.717Z"}
{"host":"ac-svvaol3-shard-00-00.emzjbxs.mongodb.net","level":"info","message":"MongoDB connected","timestamp":"2026-05-13T05:37:24.777Z"}
{"host":"ac-svvaol3-shard-00-00.emzjbxs.mongodb.net","level":"info","message":"MongoDB connected","timestamp":"2026-05-13T05:37:28.133Z"}
{"host":"ac-svvaol3-shard-00-02.emzjbxs.mongodb.net","level":"info","message":"MongoDB connected","timestamp":"2026-05-13T05:37:30.787Z"}
{"host":"ac-svvaol3-shard-00-02.emzjbxs.mongodb.net","level":"info","message":"MongoDB connected","timestamp":"2026-05-13T05:38:03.151Z"}
{"level":"info","message":{"duration":"160ms","method":"GET","status":200,"url":"/api/account"},"timestamp":"2026-05-13T05:41:53.996Z"}
{"level":"info","message":{"duration":"186ms","method":"GET","status":200,"url":"/api/account/6a016cc570431c63312db1bd/balance"},"timestamp":"2026-05-13T05:43:09.969Z"}
{"code":"FORBIDDEN","level":"error","message":"Unauthorized account access","method":"GET","path":"/api/account/6a01624e70431c63312db1b8/balance","stack":"Error: Unauthorized account access\n    at Object.getAccountBalance (D:\\backend_ledger\\src\\services\\account.service.js:22:15)\n    at process.processTicksAndRejections (node:internal/process/task_queues:105:5)\n    at async getAccountBalance (D:\\backend_ledger\\src\\controllers\\account.controller.js:23:22)","timestamp":"2026-05-13T05:45:55.676Z"}
{"level":"info","message":{"duration":"442ms","method":"GET","status":403,"url":"/api/account/6a01624e70431c63312db1b8/balance"},"timestamp":"2026-05-13T05:45:55.677Z"}
{"code":"NOT_FOUND","level":"error","message":"Account not found","method":"GET","path":"/api/account/6a01624e70431c63312bd128/balance","stack":"Error: Account not found\n    at Object.getAccountBalance (D:\\backend_ledger\\src\\services\\account.service.js:18:15)\n    at process.processTicksAndRejections (node:internal/process/task_queues:105:5)\n    at async getAccountBalance (D:\\backend_ledger\\src\\controllers\\account.controller.js:23:22)","timestamp":"2026-05-13T05:48:43.744Z"}
{"level":"info","message":{"duration":"124ms","method":"GET","status":404,"url":"/api/account/6a01624e70431c63312bd128/balance"},"timestamp":"2026-05-13T05:48:43.745Z"}
{"code":"CONFLICT","level":"error","message":"Transaction already processed","method":"POST","path":"/api/transactions/transfer","stack":"Error: Transaction already processed\n    at Object.transfer (D:\\backend_ledger\\src\\services\\transaction.service.js:108:19)\n    at process.processTicksAndRejections (node:internal/process/task_queues:105:5)\n    at async transfer (D:\\backend_ledger\\src\\controllers\\transaction.controller.js:18:27)","timestamp":"2026-05-13T05:59:26.429Z"}
{"level":"info","message":{"duration":"278ms","method":"POST","status":409,"url":"/api/transactions/transfer"},"timestamp":"2026-05-13T05:59:26.430Z"}
{"code":"CONFLICT","level":"error","message":"Transaction already processed","method":"POST","path":"/api/transactions/transfer","stack":"Error: Transaction already processed\n    at Object.transfer (D:\\backend_ledger\\src\\services\\transaction.service.js:108:19)\n    at process.processTicksAndRejections (node:internal/process/task_queues:105:5)\n    at async transfer (D:\\backend_ledger\\src\\controllers\\transaction.controller.js:18:27)","timestamp":"2026-05-13T06:01:10.284Z"}
{"level":"info","message":{"duration":"289ms","method":"POST","status":409,"url":"/api/transactions/transfer"},"timestamp":"2026-05-13T06:01:10.285Z"}
{"level":"info","message":{"duration":"633ms","method":"POST","status":200,"url":"/api/transactions/transfer"},"timestamp":"2026-05-13T06:01:29.895Z"}
